Analysis & Synthesis report for EX4
Thu Oct 21 19:48:02 2021
Quartus II 64-Bit Version 13.0.1 Build 232 06/12/2013 Service Pack 1 SJ Full Version


---------------------
; Table of Contents ;
---------------------
  1. Legal Notice
  2. Analysis & Synthesis Summary
  3. Analysis & Synthesis Settings
  4. Parallel Compilation
  5. Analysis & Synthesis Source Files Read
  6. Analysis & Synthesis Resource Usage Summary
  7. Analysis & Synthesis Resource Utilization by Entity
  8. Analysis & Synthesis RAM Summary
  9. Analysis & Synthesis IP Cores Summary
 10. Registers Removed During Synthesis
 11. General Register Statistics
 12. Inverted Register Statistics
 13. Multiplexer Restructuring Statistics (Restructuring Performed)
 14. Source assignments for RAM:inst4|altsyncram:altsyncram_component|altsyncram_h8u3:auto_generated|altsyncram_2nr2:altsyncram1
 15. Parameter Settings for User Entity Instance: RAM:inst4|altsyncram:altsyncram_component
 16. Parameter Settings for User Entity Instance: divv:inst2|lpm_divide:LPM_DIVIDE_component
 17. altsyncram Parameter Settings by Entity Instance
 18. In-System Memory Content Editor Settings
 19. Elapsed Time Per Partition
 20. Analysis & Synthesis Messages



----------------
; Legal Notice ;
----------------
Copyright (C) 1991-2013 Altera Corporation
Your use of Altera Corporation's design tools, logic functions 
and other software and tools, and its AMPP partner logic 
functions, and any output files from any of the foregoing 
(including device programming or simulation files), and any 
associated documentation or information are expressly subject 
to the terms and conditions of the Altera Program License 
Subscription Agreement, Altera MegaCore Function License 
Agreement, or other applicable license agreement, including, 
without limitation, that your use is for the sole purpose of 
programming logic devices manufactured by Altera and sold by 
Altera or its authorized distributors.  Please refer to the 
applicable agreement for further details.



+---------------------------------------------------------------------------------------+
; Analysis & Synthesis Summary                                                          ;
+------------------------------------+--------------------------------------------------+
; Analysis & Synthesis Status        ; Successful - Thu Oct 21 19:48:02 2021            ;
; Quartus II 64-Bit Version          ; 13.0.1 Build 232 06/12/2013 SP 1 SJ Full Version ;
; Revision Name                      ; EX4                                              ;
; Top-level Entity Name              ; EX4                                              ;
; Family                             ; Cyclone IV E                                     ;
; Total logic elements               ; 502                                              ;
;     Total combinational functions  ; 449                                              ;
;     Dedicated logic registers      ; 153                                              ;
; Total registers                    ; 153                                              ;
; Total pins                         ; 56                                               ;
; Total virtual pins                 ; 0                                                ;
; Total memory bits                  ; 2,048                                            ;
; Embedded Multiplier 9-bit elements ; 0                                                ;
; Total PLLs                         ; 0                                                ;
+------------------------------------+--------------------------------------------------+


+----------------------------------------------------------------------------------------------------------------------+
; Analysis & Synthesis Settings                                                                                        ;
+----------------------------------------------------------------------------+--------------------+--------------------+
; Option                                                                     ; Setting            ; Default Value      ;
+----------------------------------------------------------------------------+--------------------+--------------------+
; Device                                                                     ; EP4CE6E22C8        ;                    ;
; Top-level entity name                                                      ; EX4                ; EX4                ;
; Family name                                                                ; Cyclone IV E       ; Cyclone IV GX      ;
; Use smart compilation                                                      ; Off                ; Off                ;
; Enable parallel Assembler and TimeQuest Timing Analyzer during compilation ; On                 ; On                 ;
; Enable compact report table                                                ; Off                ; Off                ;
; Restructure Multiplexers                                                   ; Auto               ; Auto               ;
; Create Debugging Nodes for IP Cores                                        ; Off                ; Off                ;
; Preserve fewer node names                                                  ; On                 ; On                 ;
; Disable OpenCore Plus hardware evaluation                                  ; Off                ; Off                ;
; Verilog Version                                                            ; Verilog_2001       ; Verilog_2001       ;
; VHDL Version                                                               ; VHDL_1993          ; VHDL_1993          ;
; State Machine Processing                                                   ; Auto               ; Auto               ;
; Safe State Machine                                                         ; Off                ; Off                ;
; Extract Verilog State Machines                                             ; On                 ; On                 ;
; Extract VHDL State Machines                                                ; On                 ; On                 ;
; Ignore Verilog initial constructs                                          ; Off                ; Off                ;
; Iteration limit for constant Verilog loops                                 ; 5000               ; 5000               ;
; Iteration limit for non-constant Verilog loops                             ; 250                ; 250                ;
; Add Pass-Through Logic to Inferred RAMs                                    ; On                 ; On                 ;
; Infer RAMs from Raw Logic                                                  ; On                 ; On                 ;
; Parallel Synthesis                                                         ; On                 ; On                 ;
; DSP Block Balancing                                                        ; Auto               ; Auto               ;
; NOT Gate Push-Back                                                         ; On                 ; On                 ;
; Power-Up Don't Care                                                        ; On                 ; On                 ;
; Remove Redundant Logic Cells                                               ; Off                ; Off                ;
; Remove Duplicate Registers                                                 ; On                 ; On                 ;
; Ignore CARRY Buffers                                                       ; Off                ; Off                ;
; Ignore CASCADE Buffers                                                     ; Off                ; Off                ;
; Ignore GLOBAL Buffers                                                      ; Off                ; Off                ;
; Ignore ROW GLOBAL Buffers                                                  ; Off                ; Off                ;
; Ignore LCELL Buffers                                                       ; Off                ; Off                ;
; Ignore SOFT Buffers                                                        ; On                 ; On                 ;
; Limit AHDL Integers to 32 Bits                                             ; Off                ; Off                ;
; Optimization Technique                                                     ; Balanced           ; Balanced           ;
; Carry Chain Length                                                         ; 70                 ; 70                 ;
; Auto Carry Chains                                                          ; On                 ; On                 ;
; Auto Open-Drain Pins                                                       ; On                 ; On                 ;
; Perform WYSIWYG Primitive Resynthesis                                      ; Off                ; Off                ;
; Auto ROM Replacement                                                       ; On                 ; On                 ;
; Auto RAM Replacement                                                       ; On                 ; On                 ;
; Auto DSP Block Replacement                                                 ; On                 ; On                 ;
; Auto Shift Register Replacement                                            ; Auto               ; Auto               ;
; Allow Shift Register Merging across Hierarchies                            ; Auto               ; Auto               ;
; Auto Clock Enable Replacement                                              ; On                 ; On                 ;
; Strict RAM Replacement                                                     ; Off                ; Off                ;
; Allow Synchronous Control Signals                                          ; On                 ; On                 ;
; Force Use of Synchronous Clear Signals                                     ; Off                ; Off                ;
; Auto RAM Block Balancing                                                   ; On                 ; On                 ;
; Auto RAM to Logic Cell Conversion                                          ; Off                ; Off                ;
; Auto Resource Sharing                                                      ; Off                ; Off                ;
; Allow Any RAM Size For Recognition                                         ; Off                ; Off                ;
; Allow Any ROM Size For Recognition                                         ; Off                ; Off                ;
; Allow Any Shift Register Size For Recognition                              ; Off                ; Off                ;
; Use LogicLock Constraints during Resource Balancing                        ; On                 ; On                 ;
; Ignore translate_off and synthesis_off directives                          ; Off                ; Off                ;
; Timing-Driven Synthesis                                                    ; On                 ; On                 ;
; Report Parameter Settings                                                  ; On                 ; On                 ;
; Report Source Assignments                                                  ; On                 ; On                 ;
; Report Connectivity Checks                                                 ; On                 ; On                 ;
; Ignore Maximum Fan-Out Assignments                                         ; Off                ; Off                ;
; Synchronization Register Chain Length                                      ; 2                  ; 2                  ;
; PowerPlay Power Optimization                                               ; Normal compilation ; Normal compilation ;
; HDL message level                                                          ; Level2             ; Level2             ;
; Suppress Register Optimization Related Messages                            ; Off                ; Off                ;
; Number of Removed Registers Reported in Synthesis Report                   ; 5000               ; 5000               ;
; Number of Swept Nodes Reported in Synthesis Report                         ; 5000               ; 5000               ;
; Number of Inverted Registers Reported in Synthesis Report                  ; 100                ; 100                ;
; Clock MUX Protection                                                       ; On                 ; On                 ;
; Auto Gated Clock Conversion                                                ; Off                ; Off                ;
; Block Design Naming                                                        ; Auto               ; Auto               ;
; SDC constraint protection                                                  ; Off                ; Off                ;
; Synthesis Effort                                                           ; Auto               ; Auto               ;
; Shift Register Replacement - Allow Asynchronous Clear Signal               ; On                 ; On                 ;
; Pre-Mapping Resynthesis Optimization                                       ; Off                ; Off                ;
; Analysis & Synthesis Message Level                                         ; Medium             ; Medium             ;
; Disable Register Merging Across Hierarchies                                ; Auto               ; Auto               ;
; Resource Aware Inference For Block RAM                                     ; On                 ; On                 ;
; Synthesis Seed                                                             ; 1                  ; 1                  ;
+----------------------------------------------------------------------------+--------------------+--------------------+


+------------------------------------------+
; Parallel Compilation                     ;
+----------------------------+-------------+
; Processors                 ; Number      ;
+----------------------------+-------------+
; Number detected on machine ; 8           ;
; Maximum allowed            ; 4           ;
;                            ;             ;
; Average used               ; 1.00        ;
; Maximum used               ; 1           ;
;                            ;             ;
; Usage by Processor         ; % Time Used ;
;     Processor 1            ; 100.0%      ;
;     Processors 2-8         ;   0.0%      ;
+----------------------------+-------------+


+-----------------------------------------------------------------------------------------------------------------------------------------------------------------------------------+
; Analysis & Synthesis Source Files Read                                                                                                                                            ;
+----------------------------------+-----------------+------------------------------------------+-------------------------------------------------------------------------+---------+
; File Name with User-Entered Path ; Used in Netlist ; File Type                                ; File Name with Absolute Path                                            ; Library ;
+----------------------------------+-----------------+------------------------------------------+-------------------------------------------------------------------------+---------+
; ram.mif                          ; yes             ; User Memory Initialization File          ; C:/Users/fsp/Desktop/component/fsp_ex4/EX4/ram.mif                      ;         ;
; mod4plus1.bdf                    ; yes             ; User Block Diagram/Schematic File        ; C:/Users/fsp/Desktop/component/fsp_ex4/EX4/mod4plus1.bdf                ;         ;
; jiepai.bdf                       ; yes             ; User Block Diagram/Schematic File        ; C:/Users/fsp/Desktop/component/fsp_ex4/EX4/jiepai.bdf                   ;         ;
; EX4.bdf                          ; yes             ; User Block Diagram/Schematic File        ; C:/Users/fsp/Desktop/component/fsp_ex4/EX4/EX4.bdf                      ;         ;
; RAM.vhd                          ; yes             ; User Wizard-Generated File               ; C:/Users/fsp/Desktop/component/fsp_ex4/EX4/RAM.vhd                      ;         ;
; control.bdf                      ; yes             ; User Block Diagram/Schematic File        ; C:/Users/fsp/Desktop/component/fsp_ex4/EX4/control.bdf                  ;         ;
; 4-16Decoder.bdf                  ; yes             ; User Block Diagram/Schematic File        ; C:/Users/fsp/Desktop/component/fsp_ex4/EX4/4-16Decoder.bdf              ;         ;
; divv.vhd                         ; yes             ; User Wizard-Generated File               ; C:/Users/fsp/Desktop/component/fsp_ex4/EX4/divv.vhd                     ;         ;
; 2-4decoder.bdf                   ; yes             ; Auto-Found Block Diagram/Schematic File  ; C:/Users/fsp/Desktop/component/fsp_ex4/EX4/2-4decoder.bdf               ;         ;
; jmp_gene.bdf                     ; yes             ; Auto-Found Block Diagram/Schematic File  ; C:/Users/fsp/Desktop/component/fsp_ex4/EX4/jmp_gene.bdf                 ;         ;
; 8-reg.bdf                        ; yes             ; Auto-Found Block Diagram/Schematic File  ; C:/Users/fsp/Desktop/component/fsp_ex4/EX4/8-reg.bdf                    ;         ;
; 74173.bdf                        ; yes             ; Megafunction                             ; c:/altera/13.0sp1/quartus/libraries/others/maxplus2/74173.bdf           ;         ;
; 2select.bdf                      ; yes             ; Auto-Found Block Diagram/Schematic File  ; C:/Users/fsp/Desktop/component/fsp_ex4/EX4/2select.bdf                  ;         ;
; mul.bdf                          ; yes             ; Auto-Found Block Diagram/Schematic File  ; C:/Users/fsp/Desktop/component/fsp_ex4/EX4/mul.bdf                      ;         ;
; 74285.bdf                        ; yes             ; Megafunction                             ; c:/altera/13.0sp1/quartus/libraries/others/maxplus2/74285.bdf           ;         ;
; 74284.bdf                        ; yes             ; Megafunction                             ; c:/altera/13.0sp1/quartus/libraries/others/maxplus2/74284.bdf           ;         ;
; altsyncram.tdf                   ; yes             ; Megafunction                             ; c:/altera/13.0sp1/quartus/libraries/megafunctions/altsyncram.tdf        ;         ;
; stratix_ram_block.inc            ; yes             ; Megafunction                             ; c:/altera/13.0sp1/quartus/libraries/megafunctions/stratix_ram_block.inc ;         ;
; lpm_mux.inc                      ; yes             ; Megafunction                             ; c:/altera/13.0sp1/quartus/libraries/megafunctions/lpm_mux.inc           ;         ;
; lpm_decode.inc                   ; yes             ; Megafunction                             ; c:/altera/13.0sp1/quartus/libraries/megafunctions/lpm_decode.inc        ;         ;
; aglobal130.inc                   ; yes             ; Megafunction                             ; c:/altera/13.0sp1/quartus/libraries/megafunctions/aglobal130.inc        ;         ;
; a_rdenreg.inc                    ; yes             ; Megafunction                             ; c:/altera/13.0sp1/quartus/libraries/megafunctions/a_rdenreg.inc         ;         ;
; altrom.inc                       ; yes             ; Megafunction                             ; c:/altera/13.0sp1/quartus/libraries/megafunctions/altrom.inc            ;         ;
; altram.inc                       ; yes             ; Megafunction                             ; c:/altera/13.0sp1/quartus/libraries/megafunctions/altram.inc            ;         ;
; altdpram.inc                     ; yes             ; Megafunction                             ; c:/altera/13.0sp1/quartus/libraries/megafunctions/altdpram.inc          ;         ;
; db/altsyncram_h8u3.tdf           ; yes             ; Auto-Generated Megafunction              ; C:/Users/fsp/Desktop/component/fsp_ex4/EX4/db/altsyncram_h8u3.tdf       ;         ;
; db/altsyncram_2nr2.tdf           ; yes             ; Auto-Generated Megafunction              ; C:/Users/fsp/Desktop/component/fsp_ex4/EX4/db/altsyncram_2nr2.tdf       ;         ;
; sld_mod_ram_rom.vhd              ; yes             ; Encrypted Megafunction                   ; c:/altera/13.0sp1/quartus/libraries/megafunctions/sld_mod_ram_rom.vhd   ;         ;
; sld_rom_sr.vhd                   ; yes             ; Encrypted Megafunction                   ; c:/altera/13.0sp1/quartus/libraries/megafunctions/sld_rom_sr.vhd        ;         ;
; 8-reg0.bdf                       ; yes             ; Auto-Found Block Diagram/Schematic File  ; C:/Users/fsp/Desktop/component/fsp_ex4/EX4/8-reg0.bdf                   ;         ;
; tri1.bdf                         ; yes             ; Auto-Found Block Diagram/Schematic File  ; C:/Users/fsp/Desktop/component/fsp_ex4/EX4/tri1.bdf                     ;         ;
; alu2.bdf                         ; yes             ; Auto-Found Block Diagram/Schematic File  ; C:/Users/fsp/Desktop/component/fsp_ex4/EX4/alu2.bdf                     ;         ;
; 74181.bdf                        ; yes             ; Megafunction                             ; c:/altera/13.0sp1/quartus/libraries/others/maxplus2/74181.bdf           ;         ;
; 74182.bdf                        ; yes             ; Megafunction                             ; c:/altera/13.0sp1/quartus/libraries/others/maxplus2/74182.bdf           ;         ;
; lpm_divide.tdf                   ; yes             ; Megafunction                             ; c:/altera/13.0sp1/quartus/libraries/megafunctions/lpm_divide.tdf        ;         ;
; abs_divider.inc                  ; yes             ; Megafunction                             ; c:/altera/13.0sp1/quartus/libraries/megafunctions/abs_divider.inc       ;         ;
; sign_div_unsign.inc              ; yes             ; Megafunction                             ; c:/altera/13.0sp1/quartus/libraries/megafunctions/sign_div_unsign.inc   ;         ;
; db/lpm_divide_60q.tdf            ; yes             ; Auto-Generated Megafunction              ; C:/Users/fsp/Desktop/component/fsp_ex4/EX4/db/lpm_divide_60q.tdf        ;         ;
; db/sign_div_unsign_fkh.tdf       ; yes             ; Auto-Generated Megafunction              ; C:/Users/fsp/Desktop/component/fsp_ex4/EX4/db/sign_div_unsign_fkh.tdf   ;         ;
; db/alt_u_div_i4f.tdf             ; yes             ; Auto-Generated Megafunction              ; C:/Users/fsp/Desktop/component/fsp_ex4/EX4/db/alt_u_div_i4f.tdf         ;         ;
; db/add_sub_7pc.tdf               ; yes             ; Auto-Generated Megafunction              ; C:/Users/fsp/Desktop/component/fsp_ex4/EX4/db/add_sub_7pc.tdf           ;         ;
; db/add_sub_8pc.tdf               ; yes             ; Auto-Generated Megafunction              ; C:/Users/fsp/Desktop/component/fsp_ex4/EX4/db/add_sub_8pc.tdf           ;         ;
; rclk1.bdf                        ; yes             ; Auto-Found Block Diagram/Schematic File  ; C:/Users/fsp/Desktop/component/fsp_ex4/EX4/rclk1.bdf                    ;         ;
; sld_hub.vhd                      ; yes             ; Encrypted Megafunction                   ; c:/altera/13.0sp1/quartus/libraries/megafunctions/sld_hub.vhd           ;         ;
; sld_jtag_hub.vhd                 ; yes             ; Encrypted Megafunction                   ; c:/altera/13.0sp1/quartus/libraries/megafunctions/sld_jtag_hub.vhd      ;         ;
+----------------------------------+-----------------+------------------------------------------+-------------------------------------------------------------------------+---------+


+------------------------------------------------------------------------+
; Analysis & Synthesis Resource Usage Summary                            ;
+---------------------------------------------+--------------------------+
; Resource                                    ; Usage                    ;
+---------------------------------------------+--------------------------+
; Estimated Total logic elements              ; 502                      ;
;                                             ;                          ;
; Total combinational functions               ; 449                      ;
; Logic element usage by number of LUT inputs ;                          ;
;     -- 4 input functions                    ; 261                      ;
;     -- 3 input functions                    ; 106                      ;
;     -- <=2 input functions                  ; 82                       ;
;                                             ;                          ;
; Logic elements by mode                      ;                          ;
;     -- normal mode                          ; 397                      ;
;     -- arithmetic mode                      ; 52                       ;
;                                             ;                          ;
; Total registers                             ; 153                      ;
;     -- Dedicated logic registers            ; 153                      ;
;     -- I/O registers                        ; 0                        ;
;                                             ;                          ;
; I/O pins                                    ; 56                       ;
; Total memory bits                           ; 2048                     ;
; Embedded Multiplier 9-bit elements          ; 0                        ;
; Maximum fan-out node                        ; altera_internal_jtag~TDO ;
; Maximum fan-out                             ; 146                      ;
; Total fan-out                               ; 2272                     ;
; Average fan-out                             ; 3.11                     ;
+---------------------------------------------+--------------------------+


+-------------------------------------------------------------------------------------------------------------------------------------------------------------------------------------------------------------------------------------------------------------------------------------------------------------------------------------------------------------+
; Analysis & Synthesis Resource Utilization by Entity                                                                                                                                                                                                                                                                                                         ;
+---------------------------------------------------------------------+-------------------+--------------+-------------+--------------+---------+-----------+------+--------------+------------------------------------------------------------------------------------------------------------------------------------------------------------+--------------+
; Compilation Hierarchy Node                                          ; LC Combinationals ; LC Registers ; Memory Bits ; DSP Elements ; DSP 9x9 ; DSP 18x18 ; Pins ; Virtual Pins ; Full Hierarchy Name                                                                                                                                        ; Library Name ;
+---------------------------------------------------------------------+-------------------+--------------+-------------+--------------+---------+-----------+------+--------------+------------------------------------------------------------------------------------------------------------------------------------------------------------+--------------+
; |EX4                                                                ; 449 (63)          ; 153 (0)      ; 2048        ; 0            ; 0       ; 0         ; 56   ; 0            ; |EX4                                                                                                                                                       ; work         ;
;    |2select:ARAMR0|                                                 ; 8 (8)             ; 0 (0)        ; 0           ; 0            ; 0       ; 0         ; 0    ; 0            ; |EX4|2select:ARAMR0                                                                                                                                        ; work         ;
;    |2select:BPCR1|                                                  ; 8 (8)             ; 0 (0)        ; 0           ; 0            ; 0       ; 0         ; 0    ; 0            ; |EX4|2select:BPCR1                                                                                                                                         ; work         ;
;    |2select:inst16|                                                 ; 4 (4)             ; 0 (0)        ; 0           ; 0            ; 0       ; 0         ; 0    ; 0            ; |EX4|2select:inst16                                                                                                                                        ; work         ;
;    |2select:inst22|                                                 ; 5 (5)             ; 0 (0)        ; 0           ; 0            ; 0       ; 0         ; 0    ; 0            ; |EX4|2select:inst22                                                                                                                                        ; work         ;
;    |4-16Decoder:inst12|                                             ; 6 (6)             ; 0 (0)        ; 0           ; 0            ; 0       ; 0         ; 0    ; 0            ; |EX4|4-16Decoder:inst12                                                                                                                                    ; work         ;
;    |8-Reg0:MAR|                                                     ; 0 (0)             ; 8 (8)        ; 0           ; 0            ; 0       ; 0         ; 0    ; 0            ; |EX4|8-Reg0:MAR                                                                                                                                            ; work         ;
;    |8-Reg0:PC|                                                      ; 0 (0)             ; 8 (8)        ; 0           ; 0            ; 0       ; 0         ; 0    ; 0            ; |EX4|8-Reg0:PC                                                                                                                                             ; work         ;
;    |8-Reg:IR|                                                       ; 0 (0)             ; 4 (0)        ; 0           ; 0            ; 0       ; 0         ; 0    ; 0            ; |EX4|8-Reg:IR                                                                                                                                              ; work         ;
;       |74173:inst3|                                                 ; 0 (0)             ; 4 (4)        ; 0           ; 0            ; 0       ; 0         ; 0    ; 0            ; |EX4|8-Reg:IR|74173:inst3                                                                                                                                  ; work         ;
;    |8-Reg:R0|                                                       ; 0 (0)             ; 8 (0)        ; 0           ; 0            ; 0       ; 0         ; 0    ; 0            ; |EX4|8-Reg:R0                                                                                                                                              ; work         ;
;       |74173:inst3|                                                 ; 0 (0)             ; 4 (4)        ; 0           ; 0            ; 0       ; 0         ; 0    ; 0            ; |EX4|8-Reg:R0|74173:inst3                                                                                                                                  ; work         ;
;       |74173:inst|                                                  ; 0 (0)             ; 4 (4)        ; 0           ; 0            ; 0       ; 0         ; 0    ; 0            ; |EX4|8-Reg:R0|74173:inst                                                                                                                                   ; work         ;
;    |8-Reg:R1|                                                       ; 0 (0)             ; 8 (0)        ; 0           ; 0            ; 0       ; 0         ; 0    ; 0            ; |EX4|8-Reg:R1                                                                                                                                              ; work         ;
;       |74173:inst3|                                                 ; 0 (0)             ; 4 (4)        ; 0           ; 0            ; 0       ; 0         ; 0    ; 0            ; |EX4|8-Reg:R1|74173:inst3                                                                                                                                  ; work         ;
;       |74173:inst|                                                  ; 0 (0)             ; 4 (4)        ; 0           ; 0            ; 0       ; 0         ; 0    ; 0            ; |EX4|8-Reg:R1|74173:inst                                                                                                                                   ; work         ;
;    |ALU2:inst13|                                                    ; 30 (0)            ; 0 (0)        ; 0           ; 0            ; 0       ; 0         ; 0    ; 0            ; |EX4|ALU2:inst13                                                                                                                                           ; work         ;
;       |74181:inst1|                                                 ; 13 (13)           ; 0 (0)        ; 0           ; 0            ; 0       ; 0         ; 0    ; 0            ; |EX4|ALU2:inst13|74181:inst1                                                                                                                               ; work         ;
;       |74181:inst|                                                  ; 14 (14)           ; 0 (0)        ; 0           ; 0            ; 0       ; 0         ; 0    ; 0            ; |EX4|ALU2:inst13|74181:inst                                                                                                                                ; work         ;
;       |74182:inst2|                                                 ; 3 (3)             ; 0 (0)        ; 0           ; 0            ; 0       ; 0         ; 0    ; 0            ; |EX4|ALU2:inst13|74182:inst2                                                                                                                               ; work         ;
;    |MUL:inst8|                                                      ; 40 (0)            ; 0 (0)        ; 0           ; 0            ; 0       ; 0         ; 0    ; 0            ; |EX4|MUL:inst8                                                                                                                                             ; work         ;
;       |74284:inst1|                                                 ; 32 (32)           ; 0 (0)        ; 0           ; 0            ; 0       ; 0         ; 0    ; 0            ; |EX4|MUL:inst8|74284:inst1                                                                                                                                 ; work         ;
;       |74285:inst|                                                  ; 8 (8)             ; 0 (0)        ; 0           ; 0            ; 0       ; 0         ; 0    ; 0            ; |EX4|MUL:inst8|74285:inst                                                                                                                                  ; work         ;
;    |RAM:inst4|                                                      ; 56 (0)            ; 34 (0)       ; 2048        ; 0            ; 0       ; 0         ; 0    ; 0            ; |EX4|RAM:inst4                                                                                                                                             ; work         ;
;       |altsyncram:altsyncram_component|                             ; 56 (0)            ; 34 (0)       ; 2048        ; 0            ; 0       ; 0         ; 0    ; 0            ; |EX4|RAM:inst4|altsyncram:altsyncram_component                                                                                                             ; work         ;
;          |altsyncram_h8u3:auto_generated|                           ; 56 (0)            ; 34 (0)       ; 2048        ; 0            ; 0       ; 0         ; 0    ; 0            ; |EX4|RAM:inst4|altsyncram:altsyncram_component|altsyncram_h8u3:auto_generated                                                                              ; work         ;
;             |altsyncram_2nr2:altsyncram1|                           ; 0 (0)             ; 0 (0)        ; 2048        ; 0            ; 0       ; 0         ; 0    ; 0            ; |EX4|RAM:inst4|altsyncram:altsyncram_component|altsyncram_h8u3:auto_generated|altsyncram_2nr2:altsyncram1                                                  ; work         ;
;             |sld_mod_ram_rom:mgl_prim2|                             ; 56 (34)           ; 34 (25)      ; 0           ; 0            ; 0       ; 0         ; 0    ; 0            ; |EX4|RAM:inst4|altsyncram:altsyncram_component|altsyncram_h8u3:auto_generated|sld_mod_ram_rom:mgl_prim2                                                    ; work         ;
;                |sld_rom_sr:\ram_rom_logic_gen:name_gen:info_rom_sr| ; 22 (22)           ; 9 (9)        ; 0           ; 0            ; 0       ; 0         ; 0    ; 0            ; |EX4|RAM:inst4|altsyncram:altsyncram_component|altsyncram_h8u3:auto_generated|sld_mod_ram_rom:mgl_prim2|sld_rom_sr:\ram_rom_logic_gen:name_gen:info_rom_sr ; work         ;
;    |control:inst|                                                   ; 30 (30)           ; 0 (0)        ; 0           ; 0            ; 0       ; 0         ; 0    ; 0            ; |EX4|control:inst                                                                                                                                          ; work         ;
;    |divv:inst2|                                                     ; 76 (0)            ; 0 (0)        ; 0           ; 0            ; 0       ; 0         ; 0    ; 0            ; |EX4|divv:inst2                                                                                                                                            ; work         ;
;       |lpm_divide:LPM_DIVIDE_component|                             ; 76 (0)            ; 0 (0)        ; 0           ; 0            ; 0       ; 0         ; 0    ; 0            ; |EX4|divv:inst2|lpm_divide:LPM_DIVIDE_component                                                                                                            ; work         ;
;          |lpm_divide_60q:auto_generated|                            ; 76 (0)            ; 0 (0)        ; 0           ; 0            ; 0       ; 0         ; 0    ; 0            ; |EX4|divv:inst2|lpm_divide:LPM_DIVIDE_component|lpm_divide_60q:auto_generated                                                                              ; work         ;
;             |sign_div_unsign_fkh:divider|                           ; 76 (0)            ; 0 (0)        ; 0           ; 0            ; 0       ; 0         ; 0    ; 0            ; |EX4|divv:inst2|lpm_divide:LPM_DIVIDE_component|lpm_divide_60q:auto_generated|sign_div_unsign_fkh:divider                                                  ; work         ;
;                |alt_u_div_i4f:divider|                              ; 76 (75)           ; 0 (0)        ; 0           ; 0            ; 0       ; 0         ; 0    ; 0            ; |EX4|divv:inst2|lpm_divide:LPM_DIVIDE_component|lpm_divide_60q:auto_generated|sign_div_unsign_fkh:divider|alt_u_div_i4f:divider                            ; work         ;
;                   |add_sub_8pc:add_sub_1|                           ; 1 (1)             ; 0 (0)        ; 0           ; 0            ; 0       ; 0         ; 0    ; 0            ; |EX4|divv:inst2|lpm_divide:LPM_DIVIDE_component|lpm_divide_60q:auto_generated|sign_div_unsign_fkh:divider|alt_u_div_i4f:divider|add_sub_8pc:add_sub_1      ; work         ;
;    |jiepai:inst23|                                                  ; 7 (1)             ; 3 (1)        ; 0           ; 0            ; 0       ; 0         ; 0    ; 0            ; |EX4|jiepai:inst23                                                                                                                                         ; work         ;
;       |2-4Decoder:inst1|                                            ; 4 (4)             ; 0 (0)        ; 0           ; 0            ; 0       ; 0         ; 0    ; 0            ; |EX4|jiepai:inst23|2-4Decoder:inst1                                                                                                                        ; work         ;
;       |mod4plus1:inst2|                                             ; 2 (2)             ; 2 (2)        ; 0           ; 0            ; 0       ; 0         ; 0    ; 0            ; |EX4|jiepai:inst23|mod4plus1:inst2                                                                                                                         ; work         ;
;    |jmp_gene:inst10|                                                ; 1 (1)             ; 0 (0)        ; 0           ; 0            ; 0       ; 0         ; 0    ; 0            ; |EX4|jmp_gene:inst10                                                                                                                                       ; work         ;
;    |sld_hub:auto_hub|                                               ; 115 (1)           ; 80 (0)       ; 0           ; 0            ; 0       ; 0         ; 0    ; 0            ; |EX4|sld_hub:auto_hub                                                                                                                                      ; work         ;
;       |sld_jtag_hub:\jtag_hub_gen:sld_jtag_hub_inst|                ; 114 (77)          ; 80 (52)      ; 0           ; 0            ; 0       ; 0         ; 0    ; 0            ; |EX4|sld_hub:auto_hub|sld_jtag_hub:\jtag_hub_gen:sld_jtag_hub_inst                                                                                         ; work         ;
;          |sld_rom_sr:hub_info_reg|                                  ; 20 (20)           ; 9 (9)        ; 0           ; 0            ; 0       ; 0         ; 0    ; 0            ; |EX4|sld_hub:auto_hub|sld_jtag_hub:\jtag_hub_gen:sld_jtag_hub_inst|sld_rom_sr:hub_info_reg                                                                 ; work         ;
;          |sld_shadow_jsm:shadow_jsm|                                ; 17 (17)           ; 19 (19)      ; 0           ; 0            ; 0       ; 0         ; 0    ; 0            ; |EX4|sld_hub:auto_hub|sld_jtag_hub:\jtag_hub_gen:sld_jtag_hub_inst|sld_shadow_jsm:shadow_jsm                                                               ; work         ;
+---------------------------------------------------------------------+-------------------+--------------+-------------+--------------+---------+-----------+------+--------------+------------------------------------------------------------------------------------------------------------------------------------------------------------+--------------+
Note: For table entries with two numbers listed, the numbers in parentheses indicate the number of resources of the given type used by the specific entity alone. The numbers listed outside of parentheses indicate the total resources of the given type used by the specific entity and all of its sub-entities in the hierarchy.


+----------------------------------------------------------------------------------------------------------------------------------------------------------------------------------------------------------------------+
; Analysis & Synthesis RAM Summary                                                                                                                                                                                     ;
+-----------------------------------------------------------------------------------------------------------------+------+----------------+--------------+--------------+--------------+--------------+------+---------+
; Name                                                                                                            ; Type ; Mode           ; Port A Depth ; Port A Width ; Port B Depth ; Port B Width ; Size ; MIF     ;
+-----------------------------------------------------------------------------------------------------------------+------+----------------+--------------+--------------+--------------+--------------+------+---------+
; RAM:inst4|altsyncram:altsyncram_component|altsyncram_h8u3:auto_generated|altsyncram_2nr2:altsyncram1|ALTSYNCRAM ; AUTO ; True Dual Port ; 256          ; 8            ; 256          ; 8            ; 2048 ; ram.mif ;
+-----------------------------------------------------------------------------------------------------------------+------+----------------+--------------+--------------+--------------+--------------+------+---------+


+---------------------------------------------------------------------------------------------------------------------------------------+
; Analysis & Synthesis IP Cores Summary                                                                                                 ;
+--------+--------------+---------+--------------+--------------+-----------------+-----------------------------------------------------+
; Vendor ; IP Core Name ; Version ; Release Date ; License Type ; Entity Instance ; IP Include File                                     ;
+--------+--------------+---------+--------------+--------------+-----------------+-----------------------------------------------------+
; Altera ; LPM_DIVIDE   ; 13.1    ; N/A          ; N/A          ; |EX4|divv:inst2 ; C:/Users/fsp/Desktop/component/fsp_ex4/EX4/divv.vhd ;
; Altera ; RAM: 1-PORT  ; 13.1    ; N/A          ; N/A          ; |EX4|RAM:inst4  ; C:/Users/fsp/Desktop/component/fsp_ex4/EX4/RAM.vhd  ;
+--------+--------------+---------+--------------+--------------+-----------------+-----------------------------------------------------+


+----------------------------------------------------------------------------------------------------------------------------------------------------------------------------+
; Registers Removed During Synthesis                                                                                                                                         ;
+-----------------------------------------------------------------------------------------------------------------------------------+----------------------------------------+
; Register name                                                                                                                     ; Reason for Removal                     ;
+-----------------------------------------------------------------------------------------------------------------------------------+----------------------------------------+
; RAM:inst4|altsyncram:altsyncram_component|altsyncram_h8u3:auto_generated|sld_mod_ram_rom:mgl_prim2|ram_rom_data_shift_cntr_reg[3] ; Stuck at GND due to stuck port data_in ;
; Total Number of Removed Registers = 1                                                                                             ;                                        ;
+-----------------------------------------------------------------------------------------------------------------------------------+----------------------------------------+


+------------------------------------------------------+
; General Register Statistics                          ;
+----------------------------------------------+-------+
; Statistic                                    ; Value ;
+----------------------------------------------+-------+
; Total registers                              ; 153   ;
; Number of registers using Synchronous Clear  ; 17    ;
; Number of registers using Synchronous Load   ; 19    ;
; Number of registers using Asynchronous Clear ; 45    ;
; Number of registers using Asynchronous Load  ; 0     ;
; Number of registers using Clock Enable       ; 83    ;
; Number of registers using Preset             ; 0     ;
+----------------------------------------------+-------+


+----------------------------------------------------------------------------------------+
; Inverted Register Statistics                                                           ;
+------------------------------------------------------------------------------+---------+
; Inverted Register                                                            ; Fan out ;
+------------------------------------------------------------------------------+---------+
; sld_hub:auto_hub|sld_jtag_hub:\jtag_hub_gen:sld_jtag_hub_inst|tdo            ; 1       ;
; sld_hub:auto_hub|sld_jtag_hub:\jtag_hub_gen:sld_jtag_hub_inst|jtag_ir_reg[2] ; 2       ;
; sld_hub:auto_hub|sld_jtag_hub:\jtag_hub_gen:sld_jtag_hub_inst|jtag_ir_reg[1] ; 3       ;
; Total number of inverted registers = 3                                       ;         ;
+------------------------------------------------------------------------------+---------+


+------------------------------------------------------------------------------------------------------------------------------------------------------------------------------------------------------------------------------------------------------------------------------------------+
; Multiplexer Restructuring Statistics (Restructuring Performed)                                                                                                                                                                                                                           ;
+--------------------+-----------+---------------+----------------------+------------------------+------------+----------------------------------------------------------------------------------------------------------------------------------------------------------------------------+
; Multiplexer Inputs ; Bus Width ; Baseline Area ; Area if Restructured ; Saving if Restructured ; Registered ; Example Multiplexer Output                                                                                                                                                 ;
+--------------------+-----------+---------------+----------------------+------------------------+------------+----------------------------------------------------------------------------------------------------------------------------------------------------------------------------+
; 3:1                ; 4 bits    ; 8 LEs         ; 4 LEs                ; 4 LEs                  ; Yes        ; |EX4|RAM:inst4|altsyncram:altsyncram_component|altsyncram_h8u3:auto_generated|sld_mod_ram_rom:mgl_prim2|ram_rom_data_shift_cntr_reg[1]                                     ;
; 3:1                ; 8 bits    ; 16 LEs        ; 8 LEs                ; 8 LEs                  ; Yes        ; |EX4|RAM:inst4|altsyncram:altsyncram_component|altsyncram_h8u3:auto_generated|sld_mod_ram_rom:mgl_prim2|ram_rom_data_reg[0]                                                ;
; 3:1                ; 8 bits    ; 16 LEs        ; 8 LEs                ; 8 LEs                  ; Yes        ; |EX4|RAM:inst4|altsyncram:altsyncram_component|altsyncram_h8u3:auto_generated|sld_mod_ram_rom:mgl_prim2|ram_rom_addr_reg[0]                                                ;
; 5:1                ; 5 bits    ; 15 LEs        ; 5 LEs                ; 10 LEs                 ; Yes        ; |EX4|RAM:inst4|altsyncram:altsyncram_component|altsyncram_h8u3:auto_generated|sld_mod_ram_rom:mgl_prim2|sld_rom_sr:\ram_rom_logic_gen:name_gen:info_rom_sr|word_counter[2] ;
; 24:1               ; 4 bits    ; 64 LEs        ; 48 LEs               ; 16 LEs                 ; Yes        ; |EX4|RAM:inst4|altsyncram:altsyncram_component|altsyncram_h8u3:auto_generated|sld_mod_ram_rom:mgl_prim2|sld_rom_sr:\ram_rom_logic_gen:name_gen:info_rom_sr|WORD_SR[3]      ;
; 3:1                ; 4 bits    ; 8 LEs         ; 4 LEs                ; 4 LEs                  ; Yes        ; |EX4|sld_hub:auto_hub|sld_jtag_hub:\jtag_hub_gen:sld_jtag_hub_inst|hub_minor_ver_reg[0]                                                                                    ;
; 4:1                ; 5 bits    ; 10 LEs        ; 5 LEs                ; 5 LEs                  ; Yes        ; |EX4|sld_hub:auto_hub|sld_jtag_hub:\jtag_hub_gen:sld_jtag_hub_inst|mixer_addr_reg[4]                                                                                       ;
; 5:1                ; 5 bits    ; 15 LEs        ; 5 LEs                ; 10 LEs                 ; Yes        ; |EX4|sld_hub:auto_hub|sld_jtag_hub:\jtag_hub_gen:sld_jtag_hub_inst|sld_rom_sr:hub_info_reg|word_counter[1]                                                                 ;
; 6:1                ; 4 bits    ; 16 LEs        ; 4 LEs                ; 12 LEs                 ; Yes        ; |EX4|sld_hub:auto_hub|sld_jtag_hub:\jtag_hub_gen:sld_jtag_hub_inst|irsr_reg[2]                                                                                             ;
; 34:1               ; 4 bits    ; 88 LEs        ; 56 LEs               ; 32 LEs                 ; Yes        ; |EX4|sld_hub:auto_hub|sld_jtag_hub:\jtag_hub_gen:sld_jtag_hub_inst|design_hash_reg[3]                                                                                      ;
; 20:1               ; 4 bits    ; 52 LEs        ; 32 LEs               ; 20 LEs                 ; Yes        ; |EX4|sld_hub:auto_hub|sld_jtag_hub:\jtag_hub_gen:sld_jtag_hub_inst|sld_rom_sr:hub_info_reg|WORD_SR[1]                                                                      ;
+--------------------+-----------+---------------+----------------------+------------------------+------------+----------------------------------------------------------------------------------------------------------------------------------------------------------------------------+


+-----------------------------------------------------------------------------------------------------------------------------+
; Source assignments for RAM:inst4|altsyncram:altsyncram_component|altsyncram_h8u3:auto_generated|altsyncram_2nr2:altsyncram1 ;
+---------------------------------+--------------------+------+---------------------------------------------------------------+
; Assignment                      ; Value              ; From ; To                                                            ;
+---------------------------------+--------------------+------+---------------------------------------------------------------+
; OPTIMIZE_POWER_DURING_SYNTHESIS ; NORMAL_COMPILATION ; -    ; -                                                             ;
+---------------------------------+--------------------+------+---------------------------------------------------------------+


+----------------------------------------------------------------------------------------+
; Parameter Settings for User Entity Instance: RAM:inst4|altsyncram:altsyncram_component ;
+------------------------------------+----------------------+----------------------------+
; Parameter Name                     ; Value                ; Type                       ;
+------------------------------------+----------------------+----------------------------+
; BYTE_SIZE_BLOCK                    ; 8                    ; Untyped                    ;
; AUTO_CARRY_CHAINS                  ; ON                   ; AUTO_CARRY                 ;
; IGNORE_CARRY_BUFFERS               ; OFF                  ; IGNORE_CARRY               ;
; AUTO_CASCADE_CHAINS                ; ON                   ; AUTO_CASCADE               ;
; IGNORE_CASCADE_BUFFERS             ; OFF                  ; IGNORE_CASCADE             ;
; WIDTH_BYTEENA                      ; 1                    ; Untyped                    ;
; OPERATION_MODE                     ; SINGLE_PORT          ; Untyped                    ;
; WIDTH_A                            ; 8                    ; Signed Integer             ;
; WIDTHAD_A                          ; 8                    ; Signed Integer             ;
; NUMWORDS_A                         ; 256                  ; Signed Integer             ;
; OUTDATA_REG_A                      ; UNREGISTERED         ; Untyped                    ;
; ADDRESS_ACLR_A                     ; NONE                 ; Untyped                    ;
; OUTDATA_ACLR_A                     ; NONE                 ; Untyped                    ;
; WRCONTROL_ACLR_A                   ; NONE                 ; Untyped                    ;
; INDATA_ACLR_A                      ; NONE                 ; Untyped                    ;
; BYTEENA_ACLR_A                     ; NONE                 ; Untyped                    ;
; WIDTH_B                            ; 1                    ; Signed Integer             ;
; WIDTHAD_B                          ; 1                    ; Signed Integer             ;
; NUMWORDS_B                         ; 0                    ; Signed Integer             ;
; INDATA_REG_B                       ; CLOCK1               ; Untyped                    ;
; WRCONTROL_WRADDRESS_REG_B          ; CLOCK1               ; Untyped                    ;
; RDCONTROL_REG_B                    ; CLOCK1               ; Untyped                    ;
; ADDRESS_REG_B                      ; CLOCK1               ; Untyped                    ;
; OUTDATA_REG_B                      ; UNREGISTERED         ; Untyped                    ;
; BYTEENA_REG_B                      ; CLOCK1               ; Untyped                    ;
; INDATA_ACLR_B                      ; NONE                 ; Untyped                    ;
; WRCONTROL_ACLR_B                   ; NONE                 ; Untyped                    ;
; ADDRESS_ACLR_B                     ; NONE                 ; Untyped                    ;
; OUTDATA_ACLR_B                     ; NONE                 ; Untyped                    ;
; RDCONTROL_ACLR_B                   ; NONE                 ; Untyped                    ;
; BYTEENA_ACLR_B                     ; NONE                 ; Untyped                    ;
; WIDTH_BYTEENA_A                    ; 1                    ; Signed Integer             ;
; WIDTH_BYTEENA_B                    ; 1                    ; Signed Integer             ;
; RAM_BLOCK_TYPE                     ; AUTO                 ; Untyped                    ;
; BYTE_SIZE                          ; 8                    ; Signed Integer             ;
; READ_DURING_WRITE_MODE_MIXED_PORTS ; DONT_CARE            ; Untyped                    ;
; READ_DURING_WRITE_MODE_PORT_A      ; NEW_DATA_NO_NBE_READ ; Untyped                    ;
; READ_DURING_WRITE_MODE_PORT_B      ; NEW_DATA_NO_NBE_READ ; Untyped                    ;
; INIT_FILE                          ; ram.mif              ; Untyped                    ;
; INIT_FILE_LAYOUT                   ; PORT_A               ; Untyped                    ;
; MAXIMUM_DEPTH                      ; 0                    ; Signed Integer             ;
; CLOCK_ENABLE_INPUT_A               ; BYPASS               ; Untyped                    ;
; CLOCK_ENABLE_INPUT_B               ; NORMAL               ; Untyped                    ;
; CLOCK_ENABLE_OUTPUT_A              ; BYPASS               ; Untyped                    ;
; CLOCK_ENABLE_OUTPUT_B              ; NORMAL               ; Untyped                    ;
; CLOCK_ENABLE_CORE_A                ; USE_INPUT_CLKEN      ; Untyped                    ;
; CLOCK_ENABLE_CORE_B                ; USE_INPUT_CLKEN      ; Untyped                    ;
; ENABLE_ECC                         ; FALSE                ; Untyped                    ;
; ECC_PIPELINE_STAGE_ENABLED         ; FALSE                ; Untyped                    ;
; WIDTH_ECCSTATUS                    ; 3                    ; Signed Integer             ;
; DEVICE_FAMILY                      ; Cyclone IV E         ; Untyped                    ;
; CBXI_PARAMETER                     ; altsyncram_h8u3      ; Untyped                    ;
+------------------------------------+----------------------+----------------------------+
Note: In order to hide this table in the UI and the text report file, please set the "Show Parameter Settings in Synthesis Report" option in "Analysis and Synthesis Settings -> More Settings" to "Off".


+-----------------------------------------------------------------------------------------+
; Parameter Settings for User Entity Instance: divv:inst2|lpm_divide:LPM_DIVIDE_component ;
+------------------------+----------------+-----------------------------------------------+
; Parameter Name         ; Value          ; Type                                          ;
+------------------------+----------------+-----------------------------------------------+
; LPM_WIDTHN             ; 8              ; Signed Integer                                ;
; LPM_WIDTHD             ; 8              ; Signed Integer                                ;
; LPM_NREPRESENTATION    ; UNSIGNED       ; Untyped                                       ;
; LPM_DREPRESENTATION    ; UNSIGNED       ; Untyped                                       ;
; LPM_PIPELINE           ; 0              ; Untyped                                       ;
; LPM_REMAINDERPOSITIVE  ; TRUE           ; Untyped                                       ;
; MAXIMIZE_SPEED         ; 5              ; Untyped                                       ;
; CBXI_PARAMETER         ; lpm_divide_60q ; Untyped                                       ;
; CARRY_CHAIN            ; MANUAL         ; Untyped                                       ;
; OPTIMIZE_FOR_SPEED     ; 5              ; Untyped                                       ;
; AUTO_CARRY_CHAINS      ; ON             ; AUTO_CARRY                                    ;
; IGNORE_CARRY_BUFFERS   ; OFF            ; IGNORE_CARRY                                  ;
; AUTO_CASCADE_CHAINS    ; ON             ; AUTO_CASCADE                                  ;
; IGNORE_CASCADE_BUFFERS ; OFF            ; IGNORE_CASCADE                                ;
+------------------------+----------------+-----------------------------------------------+
Note: In order to hide this table in the UI and the text report file, please set the "Show Parameter Settings in Synthesis Report" option in "Analysis and Synthesis Settings -> More Settings" to "Off".


+---------------------------------------------------------------------------------------+
; altsyncram Parameter Settings by Entity Instance                                      ;
+-------------------------------------------+-------------------------------------------+
; Name                                      ; Value                                     ;
+-------------------------------------------+-------------------------------------------+
; Number of entity instances                ; 1                                         ;
; Entity Instance                           ; RAM:inst4|altsyncram:altsyncram_component ;
;     -- OPERATION_MODE                     ; SINGLE_PORT                               ;
;     -- WIDTH_A                            ; 8                                         ;
;     -- NUMWORDS_A                         ; 256                                       ;
;     -- OUTDATA_REG_A                      ; UNREGISTERED                              ;
;     -- WIDTH_B                            ; 1                                         ;
;     -- NUMWORDS_B                         ; 0                                         ;
;     -- ADDRESS_REG_B                      ; CLOCK1                                    ;
;     -- OUTDATA_REG_B                      ; UNREGISTERED                              ;
;     -- RAM_BLOCK_TYPE                     ; AUTO                                      ;
;     -- READ_DURING_WRITE_MODE_MIXED_PORTS ; DONT_CARE                                 ;
+-------------------------------------------+-------------------------------------------+


+--------------------------------------------------------------------------------------------------------------------------------------+
; In-System Memory Content Editor Settings                                                                                             ;
+----------------+-------------+-------+-------+------------+--------------------------------------------------------------------------+
; Instance Index ; Instance ID ; Width ; Depth ; Mode       ; Hierarchy Location                                                       ;
+----------------+-------------+-------+-------+------------+--------------------------------------------------------------------------+
; 0              ; ram         ; 8     ; 256   ; Read/Write ; RAM:inst4|altsyncram:altsyncram_component|altsyncram_h8u3:auto_generated ;
+----------------+-------------+-------+-------+------------+--------------------------------------------------------------------------+


+---------------------------------+
; Elapsed Time Per Partition      ;
+------------------+--------------+
; Partition Name   ; Elapsed Time ;
+------------------+--------------+
; Top              ; 00:00:01     ;
; sld_hub:auto_hub ; 00:00:00     ;
+------------------+--------------+


+-------------------------------+
; Analysis & Synthesis Messages ;
+-------------------------------+
Info: *******************************************************************
Info: Running Quartus II 64-Bit Analysis & Synthesis
    Info: Version 13.0.1 Build 232 06/12/2013 Service Pack 1 SJ Full Version
    Info: Processing started: Thu Oct 21 19:47:57 2021
Info: Command: quartus_map --read_settings_files=on --write_settings_files=off EX4 -c EX4
Warning (125092): Tcl Script File mul.qip not found
    Info (125063): set_global_assignment -name QIP_FILE mul.qip
Info (11104): Parallel Compilation has detected 8 hyper-threaded processors. However, the extra hyper-threaded processors will not be used by default. Parallel Compilation will use 4 of the 4 physical processors detected instead.
Info (12021): Found 1 design units, including 1 entities, in source file mod4plus1.bdf
    Info (12023): Found entity 1: mod4plus1
Info (12021): Found 1 design units, including 1 entities, in source file jiepai.bdf
    Info (12023): Found entity 1: jiepai
Info (12021): Found 1 design units, including 1 entities, in source file ex4.bdf
    Info (12023): Found entity 1: EX4
Info (12021): Found 2 design units, including 1 entities, in source file ram.vhd
    Info (12022): Found design unit 1: ram-SYN
    Info (12023): Found entity 1: RAM
Info (12021): Found 1 design units, including 1 entities, in source file control.bdf
    Info (12023): Found entity 1: control
Info (12021): Found 1 design units, including 1 entities, in source file 4-16decoder.bdf
    Info (12023): Found entity 1: 4-16Decoder
Info (12021): Found 2 design units, including 1 entities, in source file divv.vhd
    Info (12022): Found design unit 1: divv-SYN
    Info (12023): Found entity 1: divv
Info (12127): Elaborating entity "EX4" for the top level hierarchy
Warning (275083): Bus "t11[0]" found using same base name as "t1", which might lead to a name conflict.
Warning (275083): Bus "t11[1]" found using same base name as "t1", which might lead to a name conflict.
Warning (275083): Bus "t11[2]" found using same base name as "t1", which might lead to a name conflict.
Warning (275083): Bus "t11[3]" found using same base name as "t1", which might lead to a name conflict.
Warning (275083): Bus "t11[4]" found using same base name as "t1", which might lead to a name conflict.
Warning (275083): Bus "t11[5]" found using same base name as "t1", which might lead to a name conflict.
Warning (275083): Bus "t11[6]" found using same base name as "t1", which might lead to a name conflict.
Warning (275083): Bus "t11[7]" found using same base name as "t1", which might lead to a name conflict.
Warning (275083): Bus "t11[7..0]" found using same base name as "t1", which might lead to a name conflict.
Warning (275083): Bus "t11[7..0]" found using same base name as "t1", which might lead to a name conflict.
Warning (275083): Bus "TR1[7..0]" found using same base name as "TR", which might lead to a name conflict.
Warning (275080): Converted elements in bus name "TR" using legacy naming rules. Make any assignments on the new names, not on the original names.
    Warning (275081): Converted element name(s) from "TR[7..0]" to "TR7..0"
Warning (275080): Converted elements in bus name "TR1" using legacy naming rules. Make any assignments on the new names, not on the original names.
    Warning (275081): Converted element name(s) from "TR1[7..0]" to "TR17..0"
Warning (275085): Found inconsistent dimensions for element "T1"
Warning (275085): Found inconsistent dimensions for element "T2"
Warning (275080): Converted elements in bus name "t1" using legacy naming rules. Make any assignments on the new names, not on the original names.
    Warning (275081): Converted element name(s) from "t1[0]" to "t10"
    Warning (275081): Converted element name(s) from "t1[1]" to "t11"
    Warning (275081): Converted element name(s) from "t1[2]" to "t12"
    Warning (275081): Converted element name(s) from "t1[3]" to "t13"
    Warning (275081): Converted element name(s) from "t1[4]" to "t14"
    Warning (275081): Converted element name(s) from "t1[5]" to "t15"
    Warning (275081): Converted element name(s) from "t1[6]" to "t16"
    Warning (275081): Converted element name(s) from "t1[7]" to "t17"
    Warning (275081): Converted element name(s) from "t1[7..0]" to "t17..0"
    Warning (275081): Converted element name(s) from "t1[7..0]" to "t17..0"
Warning (275080): Converted elements in bus name "t11" using legacy naming rules. Make any assignments on the new names, not on the original names.
    Warning (275081): Converted element name(s) from "t11[0]" to "t110"
    Warning (275081): Converted element name(s) from "t11[1]" to "t111"
    Warning (275081): Converted element name(s) from "t11[2]" to "t112"
    Warning (275081): Converted element name(s) from "t11[3]" to "t113"
    Warning (275081): Converted element name(s) from "t11[4]" to "t114"
    Warning (275081): Converted element name(s) from "t11[5]" to "t115"
    Warning (275081): Converted element name(s) from "t11[6]" to "t116"
    Warning (275081): Converted element name(s) from "t11[7]" to "t117"
    Warning (275081): Converted element name(s) from "t11[7..0]" to "t117..0"
    Warning (275081): Converted element name(s) from "t11[7..0]" to "t117..0"
Warning (275080): Converted elements in bus name "t2" using legacy naming rules. Make any assignments on the new names, not on the original names.
    Warning (275081): Converted element name(s) from "t2[0]" to "t20"
    Warning (275081): Converted element name(s) from "t2[4]" to "t24"
    Warning (275081): Converted element name(s) from "t2[1]" to "t21"
    Warning (275081): Converted element name(s) from "t2[2]" to "t22"
    Warning (275081): Converted element name(s) from "t2[5]" to "t25"
    Warning (275081): Converted element name(s) from "t2[6]" to "t26"
    Warning (275081): Converted element name(s) from "t2[7]" to "t27"
    Warning (275081): Converted element name(s) from "t2[3]" to "t23"
    Warning (275081): Converted element name(s) from "t2[7..0]" to "t27..0"
Warning (275008): Primitive "GND" of instance "inst27" not used
Warning (275008): Primitive "GND" of instance "inst29" not used
Info (12128): Elaborating entity "jiepai" for hierarchy "jiepai:inst23"
Warning (12125): Using design file 2-4decoder.bdf, which is not specified as a design file for the current project, but contains definitions for 1 design units and 1 entities in project
    Info (12023): Found entity 1: 2-4Decoder
Info (12128): Elaborating entity "2-4Decoder" for hierarchy "jiepai:inst23|2-4Decoder:inst1"
Info (12128): Elaborating entity "mod4plus1" for hierarchy "jiepai:inst23|mod4plus1:inst2"
Warning (12125): Using design file jmp_gene.bdf, which is not specified as a design file for the current project, but contains definitions for 1 design units and 1 entities in project
    Info (12023): Found entity 1: jmp_gene
Info (12128): Elaborating entity "jmp_gene" for hierarchy "jmp_gene:inst10"
Info (12128): Elaborating entity "4-16Decoder" for hierarchy "4-16Decoder:inst12"
Warning (12125): Using design file 8-reg.bdf, which is not specified as a design file for the current project, but contains definitions for 1 design units and 1 entities in project
    Info (12023): Found entity 1: 8-Reg
Info (12128): Elaborating entity "8-Reg" for hierarchy "8-Reg:IR"
Info (12128): Elaborating entity "74173" for hierarchy "8-Reg:IR|74173:inst"
Info (12130): Elaborated megafunction instantiation "8-Reg:IR|74173:inst"
Warning (12125): Using design file 2select.bdf, which is not specified as a design file for the current project, but contains definitions for 1 design units and 1 entities in project
    Info (12023): Found entity 1: 2select
Info (12128): Elaborating entity "2select" for hierarchy "2select:inst16"
Info (12128): Elaborating entity "control" for hierarchy "control:inst"
Warning (275008): Primitive "AND2" of instance "inst64" not used
Warning (275008): Primitive "AND3" of instance "inst65" not used
Warning (275008): Primitive "AND3" of instance "inst66" not used
Warning (275008): Primitive "AND3" of instance "inst69" not used
Warning (275008): Primitive "AND3" of instance "inst70" not used
Warning (275008): Primitive "OR6" of instance "inst72" not used
Warning (12125): Using design file mul.bdf, which is not specified as a design file for the current project, but contains definitions for 1 design units and 1 entities in project
    Info (12023): Found entity 1: MUL
Info (12128): Elaborating entity "MUL" for hierarchy "MUL:inst8"
Info (12128): Elaborating entity "74285" for hierarchy "MUL:inst8|74285:inst"
Info (12130): Elaborated megafunction instantiation "MUL:inst8|74285:inst"
Info (12128): Elaborating entity "74284" for hierarchy "MUL:inst8|74284:inst1"
Info (12130): Elaborated megafunction instantiation "MUL:inst8|74284:inst1"
Info (12128): Elaborating entity "RAM" for hierarchy "RAM:inst4"
Info (12128): Elaborating entity "altsyncram" for hierarchy "RAM:inst4|altsyncram:altsyncram_component"
Info (12130): Elaborated megafunction instantiation "RAM:inst4|altsyncram:altsyncram_component"
Info (12133): Instantiated megafunction "RAM:inst4|altsyncram:altsyncram_component" with the following parameter:
    Info (12134): Parameter "address_aclr_a" = "UNUSED"
    Info (12134): Parameter "address_aclr_b" = "NONE"
    Info (12134): Parameter "address_reg_b" = "CLOCK1"
    Info (12134): Parameter "byte_size" = "8"
    Info (12134): Parameter "byteena_aclr_a" = "UNUSED"
    Info (12134): Parameter "byteena_aclr_b" = "NONE"
    Info (12134): Parameter "byteena_reg_b" = "CLOCK1"
    Info (12134): Parameter "clock_enable_core_a" = "USE_INPUT_CLKEN"
    Info (12134): Parameter "clock_enable_core_b" = "USE_INPUT_CLKEN"
    Info (12134): Parameter "clock_enable_input_a" = "BYPASS"
    Info (12134): Parameter "clock_enable_input_b" = "NORMAL"
    Info (12134): Parameter "clock_enable_output_a" = "BYPASS"
    Info (12134): Parameter "clock_enable_output_b" = "NORMAL"
    Info (12134): Parameter "intended_device_family" = "Cyclone IV E"
    Info (12134): Parameter "ecc_pipeline_stage_enabled" = "FALSE"
    Info (12134): Parameter "enable_ecc" = "FALSE"
    Info (12134): Parameter "implement_in_les" = "OFF"
    Info (12134): Parameter "indata_aclr_a" = "UNUSED"
    Info (12134): Parameter "indata_aclr_b" = "NONE"
    Info (12134): Parameter "indata_reg_b" = "CLOCK1"
    Info (12134): Parameter "init_file" = "ram.mif"
    Info (12134): Parameter "init_file_layout" = "PORT_A"
    Info (12134): Parameter "maximum_depth" = "0"
    Info (12134): Parameter "numwords_a" = "256"
    Info (12134): Parameter "numwords_b" = "0"
    Info (12134): Parameter "operation_mode" = "SINGLE_PORT"
    Info (12134): Parameter "outdata_aclr_a" = "NONE"
    Info (12134): Parameter "outdata_aclr_b" = "NONE"
    Info (12134): Parameter "outdata_reg_a" = "UNREGISTERED"
    Info (12134): Parameter "outdata_reg_b" = "UNREGISTERED"
    Info (12134): Parameter "power_up_uninitialized" = "FALSE"
    Info (12134): Parameter "ram_block_type" = "AUTO"
    Info (12134): Parameter "rdcontrol_aclr_b" = "NONE"
    Info (12134): Parameter "rdcontrol_reg_b" = "CLOCK1"
    Info (12134): Parameter "read_during_write_mode_mixed_ports" = "DONT_CARE"
    Info (12134): Parameter "read_during_write_mode_port_a" = "NEW_DATA_NO_NBE_READ"
    Info (12134): Parameter "read_during_write_mode_port_b" = "NEW_DATA_NO_NBE_READ"
    Info (12134): Parameter "stratixiv_m144k_allow_dual_clocks" = "ON"
    Info (12134): Parameter "width_a" = "8"
    Info (12134): Parameter "width_b" = "1"
    Info (12134): Parameter "width_byteena_a" = "1"
    Info (12134): Parameter "width_byteena_b" = "1"
    Info (12134): Parameter "width_eccstatus" = "3"
    Info (12134): Parameter "widthad_a" = "8"
    Info (12134): Parameter "widthad_b" = "1"
    Info (12134): Parameter "wrcontrol_aclr_a" = "UNUSED"
    Info (12134): Parameter "wrcontrol_aclr_b" = "NONE"
    Info (12134): Parameter "wrcontrol_wraddress_reg_b" = "CLOCK1"
    Info (12134): Parameter "lpm_hint" = "ENABLE_RUNTIME_MOD=YES,INSTANCE_NAME=ram"
    Info (12134): Parameter "lpm_type" = "altsyncram"
Info (12021): Found 1 design units, including 1 entities, in source file db/altsyncram_h8u3.tdf
    Info (12023): Found entity 1: altsyncram_h8u3
Info (12128): Elaborating entity "altsyncram_h8u3" for hierarchy "RAM:inst4|altsyncram:altsyncram_component|altsyncram_h8u3:auto_generated"
Info (12021): Found 1 design units, including 1 entities, in source file db/altsyncram_2nr2.tdf
    Info (12023): Found entity 1: altsyncram_2nr2
Info (12128): Elaborating entity "altsyncram_2nr2" for hierarchy "RAM:inst4|altsyncram:altsyncram_component|altsyncram_h8u3:auto_generated|altsyncram_2nr2:altsyncram1"
Info (12128): Elaborating entity "sld_mod_ram_rom" for hierarchy "RAM:inst4|altsyncram:altsyncram_component|altsyncram_h8u3:auto_generated|sld_mod_ram_rom:mgl_prim2"
Info (12130): Elaborated megafunction instantiation "RAM:inst4|altsyncram:altsyncram_component|altsyncram_h8u3:auto_generated|sld_mod_ram_rom:mgl_prim2"
Info (12133): Instantiated megafunction "RAM:inst4|altsyncram:altsyncram_component|altsyncram_h8u3:auto_generated|sld_mod_ram_rom:mgl_prim2" with the following parameter:
    Info (12134): Parameter "CVALUE" = "00000000"
    Info (12134): Parameter "IS_DATA_IN_RAM" = "1"
    Info (12134): Parameter "IS_READABLE" = "1"
    Info (12134): Parameter "NODE_NAME" = "1918987520"
    Info (12134): Parameter "NUMWORDS" = "256"
    Info (12134): Parameter "SHIFT_COUNT_BITS" = "4"
    Info (12134): Parameter "WIDTH_WORD" = "8"
    Info (12134): Parameter "WIDTHAD" = "8"
Info (12128): Elaborating entity "sld_rom_sr" for hierarchy "RAM:inst4|altsyncram:altsyncram_component|altsyncram_h8u3:auto_generated|sld_mod_ram_rom:mgl_prim2|sld_rom_sr:\ram_rom_logic_gen:name_gen:info_rom_sr"
Warning (12125): Using design file 8-reg0.bdf, which is not specified as a design file for the current project, but contains definitions for 1 design units and 1 entities in project
    Info (12023): Found entity 1: 8-Reg0
Info (12128): Elaborating entity "8-Reg0" for hierarchy "8-Reg0:MAR"
Warning (12125): Using design file tri1.bdf, which is not specified as a design file for the current project, but contains definitions for 1 design units and 1 entities in project
    Info (12023): Found entity 1: TRI1
Info (12128): Elaborating entity "TRI1" for hierarchy "TRI1:inst1"
Warning (275083): Bus "TR1[7..0]" found using same base name as "TR", which might lead to a name conflict.
Warning (275083): Bus "TR1[0]" found using same base name as "TR", which might lead to a name conflict.
Warning (275083): Bus "TR1[1]" found using same base name as "TR", which might lead to a name conflict.
Warning (275083): Bus "TR1[2]" found using same base name as "TR", which might lead to a name conflict.
Warning (275083): Bus "TR1[3]" found using same base name as "TR", which might lead to a name conflict.
Warning (275083): Bus "TR1[4]" found using same base name as "TR", which might lead to a name conflict.
Warning (275083): Bus "TR1[5]" found using same base name as "TR", which might lead to a name conflict.
Warning (275083): Bus "TR1[6]" found using same base name as "TR", which might lead to a name conflict.
Warning (275083): Bus "TR1[7]" found using same base name as "TR", which might lead to a name conflict.
Warning (275080): Converted elements in bus name "TR" using legacy naming rules. Make any assignments on the new names, not on the original names.
    Warning (275081): Converted element name(s) from "TR[7..0]" to "TR7..0"
Warning (275080): Converted elements in bus name "TR1" using legacy naming rules. Make any assignments on the new names, not on the original names.
    Warning (275081): Converted element name(s) from "TR1[7..0]" to "TR17..0"
Warning (12125): Using design file alu2.bdf, which is not specified as a design file for the current project, but contains definitions for 1 design units and 1 entities in project
    Info (12023): Found entity 1: ALU2
Info (12128): Elaborating entity "ALU2" for hierarchy "ALU2:inst13"
Info (12128): Elaborating entity "74181" for hierarchy "ALU2:inst13|74181:inst"
Info (12130): Elaborated megafunction instantiation "ALU2:inst13|74181:inst"
Info (12128): Elaborating entity "74182" for hierarchy "ALU2:inst13|74182:inst2"
Info (12130): Elaborated megafunction instantiation "ALU2:inst13|74182:inst2"
Info (12128): Elaborating entity "divv" for hierarchy "divv:inst2"
Info (12128): Elaborating entity "lpm_divide" for hierarchy "divv:inst2|lpm_divide:LPM_DIVIDE_component"
Info (12130): Elaborated megafunction instantiation "divv:inst2|lpm_divide:LPM_DIVIDE_component"
Info (12133): Instantiated megafunction "divv:inst2|lpm_divide:LPM_DIVIDE_component" with the following parameter:
    Info (12134): Parameter "lpm_drepresentation" = "UNSIGNED"
    Info (12134): Parameter "lpm_hint" = "LPM_REMAINDERPOSITIVE=TRUE"
    Info (12134): Parameter "lpm_nrepresentation" = "UNSIGNED"
    Info (12134): Parameter "lpm_type" = "LPM_DIVIDE"
    Info (12134): Parameter "lpm_widthd" = "8"
    Info (12134): Parameter "lpm_widthn" = "8"
Info (12021): Found 1 design units, including 1 entities, in source file db/lpm_divide_60q.tdf
    Info (12023): Found entity 1: lpm_divide_60q
Info (12128): Elaborating entity "lpm_divide_60q" for hierarchy "divv:inst2|lpm_divide:LPM_DIVIDE_component|lpm_divide_60q:auto_generated"
Info (12021): Found 1 design units, including 1 entities, in source file db/sign_div_unsign_fkh.tdf
    Info (12023): Found entity 1: sign_div_unsign_fkh
Info (12128): Elaborating entity "sign_div_unsign_fkh" for hierarchy "divv:inst2|lpm_divide:LPM_DIVIDE_component|lpm_divide_60q:auto_generated|sign_div_unsign_fkh:divider"
Info (12021): Found 1 design units, including 1 entities, in source file db/alt_u_div_i4f.tdf
    Info (12023): Found entity 1: alt_u_div_i4f
Info (12128): Elaborating entity "alt_u_div_i4f" for hierarchy "divv:inst2|lpm_divide:LPM_DIVIDE_component|lpm_divide_60q:auto_generated|sign_div_unsign_fkh:divider|alt_u_div_i4f:divider"
Info (12021): Found 1 design units, including 1 entities, in source file db/add_sub_7pc.tdf
    Info (12023): Found entity 1: add_sub_7pc
Info (12128): Elaborating entity "add_sub_7pc" for hierarchy "divv:inst2|lpm_divide:LPM_DIVIDE_component|lpm_divide_60q:auto_generated|sign_div_unsign_fkh:divider|alt_u_div_i4f:divider|add_sub_7pc:add_sub_0"
Info (12021): Found 1 design units, including 1 entities, in source file db/add_sub_8pc.tdf
    Info (12023): Found entity 1: add_sub_8pc
Info (12128): Elaborating entity "add_sub_8pc" for hierarchy "divv:inst2|lpm_divide:LPM_DIVIDE_component|lpm_divide_60q:auto_generated|sign_div_unsign_fkh:divider|alt_u_div_i4f:divider|add_sub_8pc:add_sub_1"
Warning (12125): Using design file rclk1.bdf, which is not specified as a design file for the current project, but contains definitions for 1 design units and 1 entities in project
    Info (12023): Found entity 1: RCLK1
Info (12128): Elaborating entity "RCLK1" for hierarchy "RCLK1:inst15"
Info (13014): Ignored 39 buffer(s)
    Info (13019): Ignored 39 SOFT buffer(s)
Warning (13046): Tri-state node(s) do not directly drive top-level pin(s)
    Warning (13049): Converted tri-state buffer "TRI1:inst1|inst9" feeding internal logic into a wire
    Warning (13049): Converted tri-state buffer "TRI1:inst1|inst8" feeding internal logic into a wire
    Warning (13049): Converted tri-state buffer "TRI1:inst1|inst7" feeding internal logic into a wire
    Warning (13049): Converted tri-state buffer "TRI1:inst1|inst6" feeding internal logic into a wire
    Warning (13049): Converted tri-state buffer "TRI1:inst1|inst5" feeding internal logic into a wire
    Warning (13049): Converted tri-state buffer "TRI1:inst1|inst4" feeding internal logic into a wire
    Warning (13049): Converted tri-state buffer "TRI1:inst1|inst3" feeding internal logic into a wire
    Warning (13049): Converted tri-state buffer "TRI1:inst1|inst" feeding internal logic into a wire
Warning (19016): Clock multiplexers are found and protected
    Warning (19017): Found clock multiplexer control:inst|ins1t~synth
    Warning (19017): Found clock multiplexer inst6~synth
Warning (19016): Clock multiplexers are found and protected
    Warning (19017): Found clock multiplexer inst26~synth
    Warning (19017): Found clock multiplexer control:inst|MOV1VMOV2VMOV3~synth
    Warning (19017): Found clock multiplexer control:inst|10OR~synth
Warning (13044): Always-enabled tri-state buffer(s) removed
    Warning (13045): Converted the fanout from the always-enabled tri-state buffer "8-Reg:IR|74173:inst3|45" to the node "tIR[3]" into a wire
    Warning (13045): Converted the fanout from the always-enabled tri-state buffer "8-Reg:IR|74173:inst3|44" to the node "tIR[2]" into a wire
    Warning (13045): Converted the fanout from the always-enabled tri-state buffer "8-Reg:IR|74173:inst3|43" to the node "tIR[1]" into a wire
    Warning (13045): Converted the fanout from the always-enabled tri-state buffer "8-Reg:IR|74173:inst3|42" to the node "tIR[0]" into a wire
    Warning (13045): Converted the fanout from the always-enabled tri-state buffer "8-Reg:R0|74173:inst3|45" to the node "R0_t[7]" into a wire
    Warning (13045): Converted the fanout from the always-enabled tri-state buffer "8-Reg:R0|74173:inst3|44" to the node "R0_t[6]" into a wire
    Warning (13045): Converted the fanout from the always-enabled tri-state buffer "8-Reg:R0|74173:inst3|43" to the node "R0_t[5]" into a wire
    Warning (13045): Converted the fanout from the always-enabled tri-state buffer "8-Reg:R0|74173:inst3|42" to the node "R0_t[4]" into a wire
    Warning (13045): Converted the fanout from the always-enabled tri-state buffer "8-Reg:R0|74173:inst|45" to the node "R0_t[3]" into a wire
    Warning (13045): Converted the fanout from the always-enabled tri-state buffer "8-Reg:R0|74173:inst|44" to the node "R0_t[2]" into a wire
    Warning (13045): Converted the fanout from the always-enabled tri-state buffer "8-Reg:R0|74173:inst|43" to the node "R0_t[1]" into a wire
    Warning (13045): Converted the fanout from the always-enabled tri-state buffer "8-Reg:R0|74173:inst|42" to the node "R0_t[0]" into a wire
    Warning (13045): Converted the fanout from the always-enabled tri-state buffer "8-Reg:R1|74173:inst3|45" to the node "R1_t[7]" into a wire
    Warning (13045): Converted the fanout from the always-enabled tri-state buffer "8-Reg:R1|74173:inst3|44" to the node "R1_t[6]" into a wire
    Warning (13045): Converted the fanout from the always-enabled tri-state buffer "8-Reg:R1|74173:inst3|43" to the node "R1_t[5]" into a wire
    Warning (13045): Converted the fanout from the always-enabled tri-state buffer "8-Reg:R1|74173:inst3|42" to the node "R1_t[4]" into a wire
    Warning (13045): Converted the fanout from the always-enabled tri-state buffer "8-Reg:R1|74173:inst|45" to the node "R1_t[3]" into a wire
    Warning (13045): Converted the fanout from the always-enabled tri-state buffer "8-Reg:R1|74173:inst|44" to the node "R1_t[2]" into a wire
    Warning (13045): Converted the fanout from the always-enabled tri-state buffer "8-Reg:R1|74173:inst|43" to the node "R1_t[1]" into a wire
    Warning (13045): Converted the fanout from the always-enabled tri-state buffer "8-Reg:R1|74173:inst|42" to the node "R1_t[0]" into a wire
    Warning (13045): Converted the fanout from the always-enabled tri-state buffer "8-Reg:R0|74173:inst3|45" to the node "2select:ARAMR0|inst5[7]" into a wire
    Warning (13045): Converted the fanout from the always-enabled tri-state buffer "8-Reg:R0|74173:inst3|44" to the node "2select:ARAMR0|inst5[6]" into a wire
    Warning (13045): Converted the fanout from the always-enabled tri-state buffer "8-Reg:R0|74173:inst3|43" to the node "2select:ARAMR0|inst5[5]" into a wire
    Warning (13045): Converted the fanout from the always-enabled tri-state buffer "8-Reg:R0|74173:inst3|42" to the node "2select:ARAMR0|inst5[4]" into a wire
    Warning (13045): Converted the fanout from the always-enabled tri-state buffer "8-Reg:R0|74173:inst|45" to the node "2select:ARAMR0|inst5[3]" into a wire
    Warning (13045): Converted the fanout from the always-enabled tri-state buffer "8-Reg:R0|74173:inst|44" to the node "2select:ARAMR0|inst5[2]" into a wire
    Warning (13045): Converted the fanout from the always-enabled tri-state buffer "8-Reg:R0|74173:inst|43" to the node "2select:ARAMR0|inst5[1]" into a wire
    Warning (13045): Converted the fanout from the always-enabled tri-state buffer "8-Reg:R0|74173:inst|42" to the node "2select:ARAMR0|inst5[0]" into a wire
    Warning (13045): Converted the fanout from the always-enabled tri-state buffer "8-Reg:R1|74173:inst3|45" to the node "2select:BPCR1|inst5[7]" into a wire
    Warning (13045): Converted the fanout from the always-enabled tri-state buffer "8-Reg:R1|74173:inst3|44" to the node "2select:BPCR1|inst5[6]" into a wire
    Warning (13045): Converted the fanout from the always-enabled tri-state buffer "8-Reg:R1|74173:inst3|43" to the node "2select:BPCR1|inst5[5]" into a wire
    Warning (13045): Converted the fanout from the always-enabled tri-state buffer "8-Reg:R1|74173:inst3|42" to the node "2select:BPCR1|inst5[4]" into a wire
    Warning (13045): Converted the fanout from the always-enabled tri-state buffer "8-Reg:R1|74173:inst|45" to the node "2select:BPCR1|inst5[3]" into a wire
    Warning (13045): Converted the fanout from the always-enabled tri-state buffer "8-Reg:R1|74173:inst|44" to the node "2select:BPCR1|inst5[2]" into a wire
    Warning (13045): Converted the fanout from the always-enabled tri-state buffer "8-Reg:R1|74173:inst|43" to the node "2select:BPCR1|inst5[1]" into a wire
    Warning (13045): Converted the fanout from the always-enabled tri-state buffer "8-Reg:R1|74173:inst|42" to the node "2select:BPCR1|inst5[0]" into a wire
Warning (13046): Tri-state node(s) do not directly drive top-level pin(s)
    Warning (13047): Converted the fan-out from the tri-state buffer "8-Reg:IR|74173:inst3|45" to the node "inst19" into an OR gate
    Warning (13047): Converted the fan-out from the tri-state buffer "8-Reg:IR|74173:inst3|44" to the node "4-16Decoder:inst12|inst16" into an OR gate
    Warning (13047): Converted the fan-out from the tri-state buffer "8-Reg:IR|74173:inst3|43" to the node "inst19" into an OR gate
    Warning (13047): Converted the fan-out from the tri-state buffer "8-Reg:IR|74173:inst3|42" to the node "inst19" into an OR gate
Info (286031): Timing-Driven Synthesis is running on partition "Top"
Info (13000): Registers with preset signals will power-up high
Info (13003): DEV_CLRn pin will set, and not reset, register with preset signal due to NOT Gate Push-Back
Warning (13024): Output pins are stuck at VCC or GND
    Warning (13410): Pin "sld_hub:auto_hub|receive[0][0]" is stuck at GND
Info (286031): Timing-Driven Synthesis is running on partition "sld_hub:auto_hub"
Info (16010): Generating hard_block partition "hard_block:auto_generated_inst"
    Info (16011): Adding 0 node(s), including 0 DDIO, 0 PLL, 0 transceiver and 0 LCELL
Warning (21074): Design contains 1 input pin(s) that do not drive logic
    Warning (15610): No output dependent on input pin "CLK0"
Info (21057): Implemented 582 device resources after synthesis - the final resource count might be different
    Info (21058): Implemented 6 input pins
    Info (21059): Implemented 54 output pins
    Info (21061): Implemented 513 logic cells
    Info (21064): Implemented 8 RAM segments
Info: Quartus II 64-Bit Analysis & Synthesis was successful. 0 errors, 142 warnings
    Info: Peak virtual memory: 4646 megabytes
    Info: Processing ended: Thu Oct 21 19:48:02 2021
    Info: Elapsed time: 00:00:05
    Info: Total CPU time (on all processors): 00:00:05


