Analysis & Synthesis report for lab3
Wed Dec 23 19:51:38 2020
Quartus II 64-Bit Version 13.0.1 Build 232 06/12/2013 Service Pack 1 SJ Full Version


---------------------
; Table of Contents ;
---------------------
  1. Legal Notice
  2. Analysis & Synthesis Summary
  3. Analysis & Synthesis Settings
  4. Parallel Compilation
  5. Analysis & Synthesis Source Files Read
  6. Analysis & Synthesis Resource Usage Summary
  7. Analysis & Synthesis Resource Utilization by Entity
  8. Analysis & Synthesis RAM Summary
  9. Analysis & Synthesis IP Cores Summary
 10. Registers Removed During Synthesis
 11. General Register Statistics
 12. Inverted Register Statistics
 13. Multiplexer Restructuring Statistics (Restructuring Performed)
 14. Source assignments for ROM:ROM|altsyncram:altsyncram_component|altsyncram_r3c1:auto_generated|altsyncram_mjd2:altsyncram1
 15. Source assignments for RAM:RAM|altsyncram:altsyncram_component|altsyncram_9gk1:auto_generated|altsyncram_mna2:altsyncram1
 16. Parameter Settings for User Entity Instance: jiepai:jiepai|74163:inst
 17. Parameter Settings for User Entity Instance: ROM:ROM|altsyncram:altsyncram_component
 18. Parameter Settings for User Entity Instance: uPC:uPC|74161:inst
 19. Parameter Settings for User Entity Instance: uPC:uPC|74161:inst1
 20. Parameter Settings for User Entity Instance: RAM:RAM|altsyncram:altsyncram_component
 21. altsyncram Parameter Settings by Entity Instance
 22. In-System Memory Content Editor Settings
 23. Elapsed Time Per Partition
 24. Analysis & Synthesis Messages



----------------
; Legal Notice ;
----------------
Copyright (C) 1991-2013 Altera Corporation
Your use of Altera Corporation's design tools, logic functions 
and other software and tools, and its AMPP partner logic 
functions, and any output files from any of the foregoing 
(including device programming or simulation files), and any 
associated documentation or information are expressly subject 
to the terms and conditions of the Altera Program License 
Subscription Agreement, Altera MegaCore Function License 
Agreement, or other applicable license agreement, including, 
without limitation, that your use is for the sole purpose of 
programming logic devices manufactured by Altera and sold by 
Altera or its authorized distributors.  Please refer to the 
applicable agreement for further details.



+---------------------------------------------------------------------------------------+
; Analysis & Synthesis Summary                                                          ;
+------------------------------------+--------------------------------------------------+
; Analysis & Synthesis Status        ; Successful - Wed Dec 23 19:51:38 2020            ;
; Quartus II 64-Bit Version          ; 13.0.1 Build 232 06/12/2013 SP 1 SJ Full Version ;
; Revision Name                      ; lab3                                             ;
; Top-level Entity Name              ; lab3                                             ;
; Family                             ; Cyclone IV E                                     ;
; Total logic elements               ; 438                                              ;
;     Total combinational functions  ; 385                                              ;
;     Dedicated logic registers      ; 230                                              ;
; Total registers                    ; 230                                              ;
; Total pins                         ; 79                                               ;
; Total virtual pins                 ; 0                                                ;
; Total memory bits                  ; 8,192                                            ;
; Embedded Multiplier 9-bit elements ; 0                                                ;
; Total PLLs                         ; 0                                                ;
+------------------------------------+--------------------------------------------------+


+----------------------------------------------------------------------------------------------------------------------+
; Analysis & Synthesis Settings                                                                                        ;
+----------------------------------------------------------------------------+--------------------+--------------------+
; Option                                                                     ; Setting            ; Default Value      ;
+----------------------------------------------------------------------------+--------------------+--------------------+
; Device                                                                     ; EP4CE6E22C8        ;                    ;
; Top-level entity name                                                      ; lab3               ; lab3               ;
; Family name                                                                ; Cyclone IV E       ; Cyclone IV GX      ;
; Use smart compilation                                                      ; Off                ; Off                ;
; Enable parallel Assembler and TimeQuest Timing Analyzer during compilation ; On                 ; On                 ;
; Enable compact report table                                                ; Off                ; Off                ;
; Restructure Multiplexers                                                   ; Auto               ; Auto               ;
; Create Debugging Nodes for IP Cores                                        ; Off                ; Off                ;
; Preserve fewer node names                                                  ; On                 ; On                 ;
; Disable OpenCore Plus hardware evaluation                                  ; Off                ; Off                ;
; Verilog Version                                                            ; Verilog_2001       ; Verilog_2001       ;
; VHDL Version                                                               ; VHDL_1993          ; VHDL_1993          ;
; State Machine Processing                                                   ; Auto               ; Auto               ;
; Safe State Machine                                                         ; Off                ; Off                ;
; Extract Verilog State Machines                                             ; On                 ; On                 ;
; Extract VHDL State Machines                                                ; On                 ; On                 ;
; Ignore Verilog initial constructs                                          ; Off                ; Off                ;
; Iteration limit for constant Verilog loops                                 ; 5000               ; 5000               ;
; Iteration limit for non-constant Verilog loops                             ; 250                ; 250                ;
; Add Pass-Through Logic to Inferred RAMs                                    ; On                 ; On                 ;
; Infer RAMs from Raw Logic                                                  ; On                 ; On                 ;
; Parallel Synthesis                                                         ; On                 ; On                 ;
; DSP Block Balancing                                                        ; Auto               ; Auto               ;
; NOT Gate Push-Back                                                         ; On                 ; On                 ;
; Power-Up Don't Care                                                        ; On                 ; On                 ;
; Remove Redundant Logic Cells                                               ; Off                ; Off                ;
; Remove Duplicate Registers                                                 ; On                 ; On                 ;
; Ignore CARRY Buffers                                                       ; Off                ; Off                ;
; Ignore CASCADE Buffers                                                     ; Off                ; Off                ;
; Ignore GLOBAL Buffers                                                      ; Off                ; Off                ;
; Ignore ROW GLOBAL Buffers                                                  ; Off                ; Off                ;
; Ignore LCELL Buffers                                                       ; Off                ; Off                ;
; Ignore SOFT Buffers                                                        ; On                 ; On                 ;
; Limit AHDL Integers to 32 Bits                                             ; Off                ; Off                ;
; Optimization Technique                                                     ; Balanced           ; Balanced           ;
; Carry Chain Length                                                         ; 70                 ; 70                 ;
; Auto Carry Chains                                                          ; On                 ; On                 ;
; Auto Open-Drain Pins                                                       ; On                 ; On                 ;
; Perform WYSIWYG Primitive Resynthesis                                      ; Off                ; Off                ;
; Auto ROM Replacement                                                       ; On                 ; On                 ;
; Auto RAM Replacement                                                       ; On                 ; On                 ;
; Auto DSP Block Replacement                                                 ; On                 ; On                 ;
; Auto Shift Register Replacement                                            ; Auto               ; Auto               ;
; Allow Shift Register Merging across Hierarchies                            ; Auto               ; Auto               ;
; Auto Clock Enable Replacement                                              ; On                 ; On                 ;
; Strict RAM Replacement                                                     ; Off                ; Off                ;
; Allow Synchronous Control Signals                                          ; On                 ; On                 ;
; Force Use of Synchronous Clear Signals                                     ; Off                ; Off                ;
; Auto RAM Block Balancing                                                   ; On                 ; On                 ;
; Auto RAM to Logic Cell Conversion                                          ; Off                ; Off                ;
; Auto Resource Sharing                                                      ; Off                ; Off                ;
; Allow Any RAM Size For Recognition                                         ; Off                ; Off                ;
; Allow Any ROM Size For Recognition                                         ; Off                ; Off                ;
; Allow Any Shift Register Size For Recognition                              ; Off                ; Off                ;
; Use LogicLock Constraints during Resource Balancing                        ; On                 ; On                 ;
; Ignore translate_off and synthesis_off directives                          ; Off                ; Off                ;
; Timing-Driven Synthesis                                                    ; On                 ; On                 ;
; Report Parameter Settings                                                  ; On                 ; On                 ;
; Report Source Assignments                                                  ; On                 ; On                 ;
; Report Connectivity Checks                                                 ; On                 ; On                 ;
; Ignore Maximum Fan-Out Assignments                                         ; Off                ; Off                ;
; Synchronization Register Chain Length                                      ; 2                  ; 2                  ;
; PowerPlay Power Optimization                                               ; Normal compilation ; Normal compilation ;
; HDL message level                                                          ; Level2             ; Level2             ;
; Suppress Register Optimization Related Messages                            ; Off                ; Off                ;
; Number of Removed Registers Reported in Synthesis Report                   ; 5000               ; 5000               ;
; Number of Swept Nodes Reported in Synthesis Report                         ; 5000               ; 5000               ;
; Number of Inverted Registers Reported in Synthesis Report                  ; 100                ; 100                ;
; Clock MUX Protection                                                       ; On                 ; On                 ;
; Auto Gated Clock Conversion                                                ; Off                ; Off                ;
; Block Design Naming                                                        ; Auto               ; Auto               ;
; SDC constraint protection                                                  ; Off                ; Off                ;
; Synthesis Effort                                                           ; Auto               ; Auto               ;
; Shift Register Replacement - Allow Asynchronous Clear Signal               ; On                 ; On                 ;
; Pre-Mapping Resynthesis Optimization                                       ; Off                ; Off                ;
; Analysis & Synthesis Message Level                                         ; Medium             ; Medium             ;
; Disable Register Merging Across Hierarchies                                ; Auto               ; Auto               ;
; Resource Aware Inference For Block RAM                                     ; On                 ; On                 ;
; Synthesis Seed                                                             ; 1                  ; 1                  ;
+----------------------------------------------------------------------------+--------------------+--------------------+


+------------------------------------------+
; Parallel Compilation                     ;
+----------------------------+-------------+
; Processors                 ; Number      ;
+----------------------------+-------------+
; Number detected on machine ; 8           ;
; Maximum allowed            ; 4           ;
;                            ;             ;
; Average used               ; 1.00        ;
; Maximum used               ; 1           ;
;                            ;             ;
; Usage by Processor         ; % Time Used ;
;     Processor 1            ; 100.0%      ;
;     Processors 2-8         ;   0.0%      ;
+----------------------------+-------------+


+-------------------------------------------------------------------------------------------------------------------------------------------------------------------------+
; Analysis & Synthesis Source Files Read                                                                                                                                  ;
+----------------------------------+-----------------+------------------------------------------+---------------------------------------------------------------+---------+
; File Name with User-Entered Path ; Used in Netlist ; File Type                                ; File Name with Absolute Path                                  ; Library ;
+----------------------------------+-----------------+------------------------------------------+---------------------------------------------------------------+---------+
; lab3.bdf                         ; yes             ; Auto-Found Block Diagram/Schematic File  ; D:/jizukeshe/lab3_ME/lab3_test2/lab3.bdf                      ;         ;
; jiepai.bdf                       ; yes             ; Auto-Found Block Diagram/Schematic File  ; D:/jizukeshe/lab3_ME/lab3_test2/jiepai.bdf                    ;         ;
; 74139.bdf                        ; yes             ; Megafunction                             ; d:/jizu/quartus/libraries/others/maxplus2/74139.bdf           ;         ;
; 74163.tdf                        ; yes             ; Megafunction                             ; d:/jizu/quartus/libraries/others/maxplus2/74163.tdf           ;         ;
; aglobal.inc                      ; yes             ; Megafunction                             ; d:/jizu/quartus/libraries/megafunctions/aglobal.inc           ;         ;
; f74163.bdf                       ; yes             ; Megafunction                             ; d:/jizu/quartus/libraries/others/maxplus2/f74163.bdf          ;         ;
; maichong.bdf                     ; yes             ; Auto-Found Block Diagram/Schematic File  ; D:/jizukeshe/lab3_ME/lab3_test2/maichong.bdf                  ;         ;
; rom.vhd                          ; yes             ; Auto-Found Wizard-Generated File         ; D:/jizukeshe/lab3_ME/lab3_test2/rom.vhd                       ;         ;
; altsyncram.tdf                   ; yes             ; Megafunction                             ; d:/jizu/quartus/libraries/megafunctions/altsyncram.tdf        ;         ;
; stratix_ram_block.inc            ; yes             ; Megafunction                             ; d:/jizu/quartus/libraries/megafunctions/stratix_ram_block.inc ;         ;
; lpm_mux.inc                      ; yes             ; Megafunction                             ; d:/jizu/quartus/libraries/megafunctions/lpm_mux.inc           ;         ;
; lpm_decode.inc                   ; yes             ; Megafunction                             ; d:/jizu/quartus/libraries/megafunctions/lpm_decode.inc        ;         ;
; aglobal130.inc                   ; yes             ; Megafunction                             ; d:/jizu/quartus/libraries/megafunctions/aglobal130.inc        ;         ;
; a_rdenreg.inc                    ; yes             ; Megafunction                             ; d:/jizu/quartus/libraries/megafunctions/a_rdenreg.inc         ;         ;
; altrom.inc                       ; yes             ; Megafunction                             ; d:/jizu/quartus/libraries/megafunctions/altrom.inc            ;         ;
; altram.inc                       ; yes             ; Megafunction                             ; d:/jizu/quartus/libraries/megafunctions/altram.inc            ;         ;
; altdpram.inc                     ; yes             ; Megafunction                             ; d:/jizu/quartus/libraries/megafunctions/altdpram.inc          ;         ;
; db/altsyncram_r3c1.tdf           ; yes             ; Auto-Generated Megafunction              ; D:/jizukeshe/lab3_ME/lab3_test2/db/altsyncram_r3c1.tdf        ;         ;
; db/altsyncram_mjd2.tdf           ; yes             ; Auto-Generated Megafunction              ; D:/jizukeshe/lab3_ME/lab3_test2/db/altsyncram_mjd2.tdf        ;         ;
; lab3_rom.mif                     ; yes             ; Auto-Found Memory Initialization File    ; D:/jizukeshe/lab3_ME/lab3_test2/lab3_rom.mif                  ;         ;
; sld_mod_ram_rom.vhd              ; yes             ; Encrypted Megafunction                   ; d:/jizu/quartus/libraries/megafunctions/sld_mod_ram_rom.vhd   ;         ;
; sld_rom_sr.vhd                   ; yes             ; Encrypted Megafunction                   ; d:/jizu/quartus/libraries/megafunctions/sld_rom_sr.vhd        ;         ;
; upc.bdf                          ; yes             ; Auto-Found Block Diagram/Schematic File  ; D:/jizukeshe/lab3_ME/lab3_test2/upc.bdf                       ;         ;
; 74161.tdf                        ; yes             ; Megafunction                             ; d:/jizu/quartus/libraries/others/maxplus2/74161.tdf           ;         ;
; f74161.bdf                       ; yes             ; Megafunction                             ; d:/jizu/quartus/libraries/others/maxplus2/f74161.bdf          ;         ;
; 3_8.bdf                          ; yes             ; Auto-Found Block Diagram/Schematic File  ; D:/jizukeshe/lab3_ME/lab3_test2/3_8.bdf                       ;         ;
; houjidizhi.bdf                   ; yes             ; Auto-Found Block Diagram/Schematic File  ; D:/jizukeshe/lab3_ME/lab3_test2/houjidizhi.bdf                ;         ;
; r.bdf                            ; yes             ; Auto-Found Block Diagram/Schematic File  ; D:/jizukeshe/lab3_ME/lab3_test2/r.bdf                         ;         ;
; alu.bdf                          ; yes             ; Auto-Found Block Diagram/Schematic File  ; D:/jizukeshe/lab3_ME/lab3_test2/alu.bdf                       ;         ;
; 74181.bdf                        ; yes             ; Megafunction                             ; d:/jizu/quartus/libraries/others/maxplus2/74181.bdf           ;         ;
; 74182.bdf                        ; yes             ; Megafunction                             ; d:/jizu/quartus/libraries/others/maxplus2/74182.bdf           ;         ;
; selector.bdf                     ; yes             ; Auto-Found Block Diagram/Schematic File  ; D:/jizukeshe/lab3_ME/lab3_test2/selector.bdf                  ;         ;
; 2_4.bdf                          ; yes             ; Auto-Found Block Diagram/Schematic File  ; D:/jizukeshe/lab3_ME/lab3_test2/2_4.bdf                       ;         ;
; ram.vhd                          ; yes             ; Auto-Found Wizard-Generated File         ; D:/jizukeshe/lab3_ME/lab3_test2/ram.vhd                       ;         ;
; db/altsyncram_9gk1.tdf           ; yes             ; Auto-Generated Megafunction              ; D:/jizukeshe/lab3_ME/lab3_test2/db/altsyncram_9gk1.tdf        ;         ;
; db/altsyncram_mna2.tdf           ; yes             ; Auto-Generated Megafunction              ; D:/jizukeshe/lab3_ME/lab3_test2/db/altsyncram_mna2.tdf        ;         ;
; ram.mif                          ; yes             ; Auto-Found Memory Initialization File    ; D:/jizukeshe/lab3_ME/lab3_test2/ram.mif                       ;         ;
; sld_hub.vhd                      ; yes             ; Encrypted Megafunction                   ; d:/jizu/quartus/libraries/megafunctions/sld_hub.vhd           ;         ;
; sld_jtag_hub.vhd                 ; yes             ; Encrypted Megafunction                   ; d:/jizu/quartus/libraries/megafunctions/sld_jtag_hub.vhd      ;         ;
+----------------------------------+-----------------+------------------------------------------+---------------------------------------------------------------+---------+


+------------------------------------------------------------------------+
; Analysis & Synthesis Resource Usage Summary                            ;
+---------------------------------------------+--------------------------+
; Resource                                    ; Usage                    ;
+---------------------------------------------+--------------------------+
; Estimated Total logic elements              ; 438                      ;
;                                             ;                          ;
; Total combinational functions               ; 385                      ;
; Logic element usage by number of LUT inputs ;                          ;
;     -- 4 input functions                    ; 194                      ;
;     -- 3 input functions                    ; 97                       ;
;     -- <=2 input functions                  ; 94                       ;
;                                             ;                          ;
; Logic elements by mode                      ;                          ;
;     -- normal mode                          ; 351                      ;
;     -- arithmetic mode                      ; 34                       ;
;                                             ;                          ;
; Total registers                             ; 230                      ;
;     -- Dedicated logic registers            ; 230                      ;
;     -- I/O registers                        ; 0                        ;
;                                             ;                          ;
; I/O pins                                    ; 79                       ;
; Total memory bits                           ; 8192                     ;
; Embedded Multiplier 9-bit elements          ; 0                        ;
; Maximum fan-out node                        ; altera_internal_jtag~TDO ;
; Maximum fan-out                             ; 242                      ;
; Total fan-out                               ; 2824                     ;
; Average fan-out                             ; 3.47                     ;
+---------------------------------------------+--------------------------+


+------------------------------------------------------------------------------------------------------------------------------------------------------------------------------------------------------------------------------------------------------------------------------------------------------------------------------------------------------------+
; Analysis & Synthesis Resource Utilization by Entity                                                                                                                                                                                                                                                                                                        ;
+---------------------------------------------------------------------+-------------------+--------------+-------------+--------------+---------+-----------+------+--------------+-----------------------------------------------------------------------------------------------------------------------------------------------------------+--------------+
; Compilation Hierarchy Node                                          ; LC Combinationals ; LC Registers ; Memory Bits ; DSP Elements ; DSP 9x9 ; DSP 18x18 ; Pins ; Virtual Pins ; Full Hierarchy Name                                                                                                                                       ; Library Name ;
+---------------------------------------------------------------------+-------------------+--------------+-------------+--------------+---------+-----------+------+--------------+-----------------------------------------------------------------------------------------------------------------------------------------------------------+--------------+
; |lab3                                                               ; 385 (6)           ; 230 (0)      ; 8192        ; 0            ; 0       ; 0         ; 79   ; 0            ; |lab3                                                                                                                                                     ; work         ;
;    |3_8:inst|                                                       ; 1 (1)             ; 0 (0)        ; 0           ; 0            ; 0       ; 0         ; 0    ; 0            ; |lab3|3_8:inst                                                                                                                                            ; work         ;
;    |R:IR|                                                           ; 0 (0)             ; 4 (4)        ; 0           ; 0            ; 0       ; 0         ; 0    ; 0            ; |lab3|R:IR                                                                                                                                                ; work         ;
;    |R:MAR|                                                          ; 0 (0)             ; 8 (8)        ; 0           ; 0            ; 0       ; 0         ; 0    ; 0            ; |lab3|R:MAR                                                                                                                                               ; work         ;
;    |R:PC|                                                           ; 0 (0)             ; 8 (8)        ; 0           ; 0            ; 0       ; 0         ; 0    ; 0            ; |lab3|R:PC                                                                                                                                                ; work         ;
;    |R:R0|                                                           ; 0 (0)             ; 8 (8)        ; 0           ; 0            ; 0       ; 0         ; 0    ; 0            ; |lab3|R:R0                                                                                                                                                ; work         ;
;    |R:R1|                                                           ; 0 (0)             ; 8 (8)        ; 0           ; 0            ; 0       ; 0         ; 0    ; 0            ; |lab3|R:R1                                                                                                                                                ; work         ;
;    |RAM:RAM|                                                        ; 58 (0)            ; 34 (0)       ; 2048        ; 0            ; 0       ; 0         ; 0    ; 0            ; |lab3|RAM:RAM                                                                                                                                             ; work         ;
;       |altsyncram:altsyncram_component|                             ; 58 (0)            ; 34 (0)       ; 2048        ; 0            ; 0       ; 0         ; 0    ; 0            ; |lab3|RAM:RAM|altsyncram:altsyncram_component                                                                                                             ; work         ;
;          |altsyncram_9gk1:auto_generated|                           ; 58 (0)            ; 34 (0)       ; 2048        ; 0            ; 0       ; 0         ; 0    ; 0            ; |lab3|RAM:RAM|altsyncram:altsyncram_component|altsyncram_9gk1:auto_generated                                                                              ; work         ;
;             |altsyncram_mna2:altsyncram1|                           ; 0 (0)             ; 0 (0)        ; 2048        ; 0            ; 0       ; 0         ; 0    ; 0            ; |lab3|RAM:RAM|altsyncram:altsyncram_component|altsyncram_9gk1:auto_generated|altsyncram_mna2:altsyncram1                                                  ; work         ;
;             |sld_mod_ram_rom:mgl_prim2|                             ; 58 (34)           ; 34 (25)      ; 0           ; 0            ; 0       ; 0         ; 0    ; 0            ; |lab3|RAM:RAM|altsyncram:altsyncram_component|altsyncram_9gk1:auto_generated|sld_mod_ram_rom:mgl_prim2                                                    ; work         ;
;                |sld_rom_sr:\ram_rom_logic_gen:name_gen:info_rom_sr| ; 24 (24)           ; 9 (9)        ; 0           ; 0            ; 0       ; 0         ; 0    ; 0            ; |lab3|RAM:RAM|altsyncram:altsyncram_component|altsyncram_9gk1:auto_generated|sld_mod_ram_rom:mgl_prim2|sld_rom_sr:\ram_rom_logic_gen:name_gen:info_rom_sr ; work         ;
;    |ROM:ROM|                                                        ; 86 (0)            ; 52 (0)       ; 6144        ; 0            ; 0       ; 0         ; 0    ; 0            ; |lab3|ROM:ROM                                                                                                                                             ; work         ;
;       |altsyncram:altsyncram_component|                             ; 86 (0)            ; 52 (0)       ; 6144        ; 0            ; 0       ; 0         ; 0    ; 0            ; |lab3|ROM:ROM|altsyncram:altsyncram_component                                                                                                             ; work         ;
;          |altsyncram_r3c1:auto_generated|                           ; 86 (0)            ; 52 (0)       ; 6144        ; 0            ; 0       ; 0         ; 0    ; 0            ; |lab3|ROM:ROM|altsyncram:altsyncram_component|altsyncram_r3c1:auto_generated                                                                              ; work         ;
;             |altsyncram_mjd2:altsyncram1|                           ; 0 (0)             ; 0 (0)        ; 6144        ; 0            ; 0       ; 0         ; 0    ; 0            ; |lab3|ROM:ROM|altsyncram:altsyncram_component|altsyncram_r3c1:auto_generated|altsyncram_mjd2:altsyncram1                                                  ; work         ;
;             |sld_mod_ram_rom:mgl_prim2|                             ; 86 (59)           ; 52 (43)      ; 0           ; 0            ; 0       ; 0         ; 0    ; 0            ; |lab3|ROM:ROM|altsyncram:altsyncram_component|altsyncram_r3c1:auto_generated|sld_mod_ram_rom:mgl_prim2                                                    ; work         ;
;                |sld_rom_sr:\ram_rom_logic_gen:name_gen:info_rom_sr| ; 27 (27)           ; 9 (9)        ; 0           ; 0            ; 0       ; 0         ; 0    ; 0            ; |lab3|ROM:ROM|altsyncram:altsyncram_component|altsyncram_r3c1:auto_generated|sld_mod_ram_rom:mgl_prim2|sld_rom_sr:\ram_rom_logic_gen:name_gen:info_rom_sr ; work         ;
;    |alu:ALU|                                                        ; 42 (0)            ; 0 (0)        ; 0           ; 0            ; 0       ; 0         ; 0    ; 0            ; |lab3|alu:ALU                                                                                                                                             ; work         ;
;       |74181:inst5|                                                 ; 21 (21)           ; 0 (0)        ; 0           ; 0            ; 0       ; 0         ; 0    ; 0            ; |lab3|alu:ALU|74181:inst5                                                                                                                                 ; work         ;
;       |74181:inst|                                                  ; 16 (16)           ; 0 (0)        ; 0           ; 0            ; 0       ; 0         ; 0    ; 0            ; |lab3|alu:ALU|74181:inst                                                                                                                                  ; work         ;
;       |74182:inst2|                                                 ; 5 (5)             ; 0 (0)        ; 0           ; 0            ; 0       ; 0         ; 0    ; 0            ; |lab3|alu:ALU|74182:inst2                                                                                                                                 ; work         ;
;    |jiepai:jiepai|                                                  ; 6 (0)             ; 2 (0)        ; 0           ; 0            ; 0       ; 0         ; 0    ; 0            ; |lab3|jiepai:jiepai                                                                                                                                       ; work         ;
;       |74139:inst1|                                                 ; 4 (4)             ; 0 (0)        ; 0           ; 0            ; 0       ; 0         ; 0    ; 0            ; |lab3|jiepai:jiepai|74139:inst1                                                                                                                           ; work         ;
;       |74163:inst|                                                  ; 2 (0)             ; 2 (0)        ; 0           ; 0            ; 0       ; 0         ; 0    ; 0            ; |lab3|jiepai:jiepai|74163:inst                                                                                                                            ; work         ;
;          |f74163:sub|                                               ; 2 (2)             ; 2 (2)        ; 0           ; 0            ; 0       ; 0         ; 0    ; 0            ; |lab3|jiepai:jiepai|74163:inst|f74163:sub                                                                                                                 ; work         ;
;    |maichong:maichong|                                              ; 1 (1)             ; 1 (1)        ; 0           ; 0            ; 0       ; 0         ; 0    ; 0            ; |lab3|maichong:maichong                                                                                                                                   ; work         ;
;    |selector:S2|                                                    ; 8 (8)             ; 0 (0)        ; 0           ; 0            ; 0       ; 0         ; 0    ; 0            ; |lab3|selector:S2                                                                                                                                         ; work         ;
;    |sld_hub:auto_hub|                                               ; 155 (1)           ; 97 (0)       ; 0           ; 0            ; 0       ; 0         ; 0    ; 0            ; |lab3|sld_hub:auto_hub                                                                                                                                    ; work         ;
;       |sld_jtag_hub:\jtag_hub_gen:sld_jtag_hub_inst|                ; 154 (116)         ; 97 (69)      ; 0           ; 0            ; 0       ; 0         ; 0    ; 0            ; |lab3|sld_hub:auto_hub|sld_jtag_hub:\jtag_hub_gen:sld_jtag_hub_inst                                                                                       ; work         ;
;          |sld_rom_sr:hub_info_reg|                                  ; 21 (21)           ; 9 (9)        ; 0           ; 0            ; 0       ; 0         ; 0    ; 0            ; |lab3|sld_hub:auto_hub|sld_jtag_hub:\jtag_hub_gen:sld_jtag_hub_inst|sld_rom_sr:hub_info_reg                                                               ; work         ;
;          |sld_shadow_jsm:shadow_jsm|                                ; 17 (17)           ; 19 (19)      ; 0           ; 0            ; 0       ; 0         ; 0    ; 0            ; |lab3|sld_hub:auto_hub|sld_jtag_hub:\jtag_hub_gen:sld_jtag_hub_inst|sld_shadow_jsm:shadow_jsm                                                             ; work         ;
;    |uPC:uPC|                                                        ; 22 (0)            ; 8 (0)        ; 0           ; 0            ; 0       ; 0         ; 0    ; 0            ; |lab3|uPC:uPC                                                                                                                                             ; work         ;
;       |74161:inst1|                                                 ; 13 (0)            ; 4 (0)        ; 0           ; 0            ; 0       ; 0         ; 0    ; 0            ; |lab3|uPC:uPC|74161:inst1                                                                                                                                 ; work         ;
;          |f74161:sub|                                               ; 13 (13)           ; 4 (4)        ; 0           ; 0            ; 0       ; 0         ; 0    ; 0            ; |lab3|uPC:uPC|74161:inst1|f74161:sub                                                                                                                      ; work         ;
;       |74161:inst|                                                  ; 9 (0)             ; 4 (0)        ; 0           ; 0            ; 0       ; 0         ; 0    ; 0            ; |lab3|uPC:uPC|74161:inst                                                                                                                                  ; work         ;
;          |f74161:sub|                                               ; 9 (9)             ; 4 (4)        ; 0           ; 0            ; 0       ; 0         ; 0    ; 0            ; |lab3|uPC:uPC|74161:inst|f74161:sub                                                                                                                       ; work         ;
+---------------------------------------------------------------------+-------------------+--------------+-------------+--------------+---------+-----------+------+--------------+-----------------------------------------------------------------------------------------------------------------------------------------------------------+--------------+
Note: For table entries with two numbers listed, the numbers in parentheses indicate the number of resources of the given type used by the specific entity alone. The numbers listed outside of parentheses indicate the total resources of the given type used by the specific entity and all of its sub-entities in the hierarchy.


+-------------------------------------------------------------------------------------------------------------------------------------------------------------------------------------------------------------------------+
; Analysis & Synthesis RAM Summary                                                                                                                                                                                        ;
+---------------------------------------------------------------------------------------------------------------+------+----------------+--------------+--------------+--------------+--------------+------+--------------+
; Name                                                                                                          ; Type ; Mode           ; Port A Depth ; Port A Width ; Port B Depth ; Port B Width ; Size ; MIF          ;
+---------------------------------------------------------------------------------------------------------------+------+----------------+--------------+--------------+--------------+--------------+------+--------------+
; RAM:RAM|altsyncram:altsyncram_component|altsyncram_9gk1:auto_generated|altsyncram_mna2:altsyncram1|ALTSYNCRAM ; AUTO ; True Dual Port ; 256          ; 8            ; 256          ; 8            ; 2048 ; RAM.mif      ;
; ROM:ROM|altsyncram:altsyncram_component|altsyncram_r3c1:auto_generated|altsyncram_mjd2:altsyncram1|ALTSYNCRAM ; AUTO ; True Dual Port ; 256          ; 24           ; 256          ; 24           ; 6144 ; lab3_ROM.mif ;
+---------------------------------------------------------------------------------------------------------------+------+----------------+--------------+--------------+--------------+--------------+------+--------------+


+---------------------------------------------------------------------------------------------------------------------------+
; Analysis & Synthesis IP Cores Summary                                                                                     ;
+--------+--------------+---------+--------------+--------------+-----------------+-----------------------------------------+
; Vendor ; IP Core Name ; Version ; Release Date ; License Type ; Entity Instance ; IP Include File                         ;
+--------+--------------+---------+--------------+--------------+-----------------+-----------------------------------------+
; Altera ; RAM: 1-PORT  ; N/A     ; N/A          ; N/A          ; |lab3|RAM:RAM   ; D:/jizukeshe/lab3_ME/lab3_test2/ram.vhd ;
; Altera ; ROM: 1-PORT  ; N/A     ; N/A          ; N/A          ; |lab3|ROM:ROM   ; D:/jizukeshe/lab3_ME/lab3_test2/rom.vhd ;
+--------+--------------+---------+--------------+--------------+-----------------+-----------------------------------------+


+--------------------------------------------------------------------------------------------------------------------------------------------------------------------------+
; Registers Removed During Synthesis                                                                                                                                       ;
+---------------------------------------------------------------------------------------------------------------------------------+----------------------------------------+
; Register name                                                                                                                   ; Reason for Removal                     ;
+---------------------------------------------------------------------------------------------------------------------------------+----------------------------------------+
; RAM:RAM|altsyncram:altsyncram_component|altsyncram_9gk1:auto_generated|sld_mod_ram_rom:mgl_prim2|ram_rom_data_shift_cntr_reg[3] ; Stuck at GND due to stuck port data_in ;
; Total Number of Removed Registers = 1                                                                                           ;                                        ;
+---------------------------------------------------------------------------------------------------------------------------------+----------------------------------------+


+------------------------------------------------------+
; General Register Statistics                          ;
+----------------------------------------------+-------+
; Statistic                                    ; Value ;
+----------------------------------------------+-------+
; Total registers                              ; 230   ;
; Number of registers using Synchronous Clear  ; 26    ;
; Number of registers using Synchronous Load   ; 33    ;
; Number of registers using Asynchronous Clear ; 82    ;
; Number of registers using Asynchronous Load  ; 0     ;
; Number of registers using Clock Enable       ; 143   ;
; Number of registers using Preset             ; 0     ;
+----------------------------------------------+-------+


+----------------------------------------------------------------------------------------+
; Inverted Register Statistics                                                           ;
+------------------------------------------------------------------------------+---------+
; Inverted Register                                                            ; Fan out ;
+------------------------------------------------------------------------------+---------+
; sld_hub:auto_hub|sld_jtag_hub:\jtag_hub_gen:sld_jtag_hub_inst|tdo            ; 1       ;
; sld_hub:auto_hub|sld_jtag_hub:\jtag_hub_gen:sld_jtag_hub_inst|jtag_ir_reg[2] ; 2       ;
; sld_hub:auto_hub|sld_jtag_hub:\jtag_hub_gen:sld_jtag_hub_inst|jtag_ir_reg[1] ; 3       ;
; Total number of inverted registers = 3                                       ;         ;
+------------------------------------------------------------------------------+---------+


+-----------------------------------------------------------------------------------------------------------------------------------------------------------------------------------------------------------------------------------------------------------------------------------------+
; Multiplexer Restructuring Statistics (Restructuring Performed)                                                                                                                                                                                                                          ;
+--------------------+-----------+---------------+----------------------+------------------------+------------+---------------------------------------------------------------------------------------------------------------------------------------------------------------------------+
; Multiplexer Inputs ; Bus Width ; Baseline Area ; Area if Restructured ; Saving if Restructured ; Registered ; Example Multiplexer Output                                                                                                                                                ;
+--------------------+-----------+---------------+----------------------+------------------------+------------+---------------------------------------------------------------------------------------------------------------------------------------------------------------------------+
; 3:1                ; 5 bits    ; 10 LEs        ; 5 LEs                ; 5 LEs                  ; Yes        ; |lab3|ROM:ROM|altsyncram:altsyncram_component|altsyncram_r3c1:auto_generated|sld_mod_ram_rom:mgl_prim2|ram_rom_data_shift_cntr_reg[3]                                     ;
; 3:1                ; 24 bits   ; 48 LEs        ; 24 LEs               ; 24 LEs                 ; Yes        ; |lab3|ROM:ROM|altsyncram:altsyncram_component|altsyncram_r3c1:auto_generated|sld_mod_ram_rom:mgl_prim2|ram_rom_data_reg[18]                                               ;
; 3:1                ; 4 bits    ; 8 LEs         ; 4 LEs                ; 4 LEs                  ; Yes        ; |lab3|RAM:RAM|altsyncram:altsyncram_component|altsyncram_9gk1:auto_generated|sld_mod_ram_rom:mgl_prim2|ram_rom_data_shift_cntr_reg[0]                                     ;
; 3:1                ; 8 bits    ; 16 LEs        ; 8 LEs                ; 8 LEs                  ; Yes        ; |lab3|RAM:RAM|altsyncram:altsyncram_component|altsyncram_9gk1:auto_generated|sld_mod_ram_rom:mgl_prim2|ram_rom_data_reg[0]                                                ;
; 3:1                ; 8 bits    ; 16 LEs        ; 8 LEs                ; 8 LEs                  ; Yes        ; |lab3|RAM:RAM|altsyncram:altsyncram_component|altsyncram_9gk1:auto_generated|sld_mod_ram_rom:mgl_prim2|ram_rom_addr_reg[6]                                                ;
; 3:1                ; 8 bits    ; 16 LEs        ; 8 LEs                ; 8 LEs                  ; Yes        ; |lab3|ROM:ROM|altsyncram:altsyncram_component|altsyncram_r3c1:auto_generated|sld_mod_ram_rom:mgl_prim2|ram_rom_addr_reg[3]                                                ;
; 5:1                ; 5 bits    ; 15 LEs        ; 5 LEs                ; 10 LEs                 ; Yes        ; |lab3|ROM:ROM|altsyncram:altsyncram_component|altsyncram_r3c1:auto_generated|sld_mod_ram_rom:mgl_prim2|sld_rom_sr:\ram_rom_logic_gen:name_gen:info_rom_sr|word_counter[1] ;
; 5:1                ; 5 bits    ; 15 LEs        ; 5 LEs                ; 10 LEs                 ; Yes        ; |lab3|RAM:RAM|altsyncram:altsyncram_component|altsyncram_9gk1:auto_generated|sld_mod_ram_rom:mgl_prim2|sld_rom_sr:\ram_rom_logic_gen:name_gen:info_rom_sr|word_counter[0] ;
; 24:1               ; 4 bits    ; 64 LEs        ; 52 LEs               ; 12 LEs                 ; Yes        ; |lab3|ROM:ROM|altsyncram:altsyncram_component|altsyncram_r3c1:auto_generated|sld_mod_ram_rom:mgl_prim2|sld_rom_sr:\ram_rom_logic_gen:name_gen:info_rom_sr|WORD_SR[0]      ;
; 24:1               ; 4 bits    ; 64 LEs        ; 56 LEs               ; 8 LEs                  ; Yes        ; |lab3|RAM:RAM|altsyncram:altsyncram_component|altsyncram_9gk1:auto_generated|sld_mod_ram_rom:mgl_prim2|sld_rom_sr:\ram_rom_logic_gen:name_gen:info_rom_sr|WORD_SR[0]      ;
; 3:1                ; 4 bits    ; 8 LEs         ; 4 LEs                ; 4 LEs                  ; Yes        ; |lab3|sld_hub:auto_hub|sld_jtag_hub:\jtag_hub_gen:sld_jtag_hub_inst|hub_minor_ver_reg[1]                                                                                  ;
; 4:1                ; 5 bits    ; 10 LEs        ; 5 LEs                ; 5 LEs                  ; Yes        ; |lab3|sld_hub:auto_hub|sld_jtag_hub:\jtag_hub_gen:sld_jtag_hub_inst|mixer_addr_reg[0]                                                                                     ;
; 6:1                ; 5 bits    ; 20 LEs        ; 5 LEs                ; 15 LEs                 ; Yes        ; |lab3|sld_hub:auto_hub|sld_jtag_hub:\jtag_hub_gen:sld_jtag_hub_inst|irf_reg[2][0]                                                                                         ;
; 6:1                ; 5 bits    ; 20 LEs        ; 5 LEs                ; 15 LEs                 ; Yes        ; |lab3|sld_hub:auto_hub|sld_jtag_hub:\jtag_hub_gen:sld_jtag_hub_inst|irf_reg[1][0]                                                                                         ;
; 5:1                ; 5 bits    ; 15 LEs        ; 5 LEs                ; 10 LEs                 ; Yes        ; |lab3|sld_hub:auto_hub|sld_jtag_hub:\jtag_hub_gen:sld_jtag_hub_inst|sld_rom_sr:hub_info_reg|word_counter[4]                                                               ;
; 6:1                ; 5 bits    ; 20 LEs        ; 5 LEs                ; 15 LEs                 ; Yes        ; |lab3|sld_hub:auto_hub|sld_jtag_hub:\jtag_hub_gen:sld_jtag_hub_inst|shadow_irf_reg[2][1]                                                                                  ;
; 6:1                ; 5 bits    ; 20 LEs        ; 5 LEs                ; 15 LEs                 ; Yes        ; |lab3|sld_hub:auto_hub|sld_jtag_hub:\jtag_hub_gen:sld_jtag_hub_inst|shadow_irf_reg[1][3]                                                                                  ;
; 8:1                ; 5 bits    ; 25 LEs        ; 10 LEs               ; 15 LEs                 ; Yes        ; |lab3|sld_hub:auto_hub|sld_jtag_hub:\jtag_hub_gen:sld_jtag_hub_inst|irsr_reg[3]                                                                                           ;
; 34:1               ; 4 bits    ; 88 LEs        ; 60 LEs               ; 28 LEs                 ; Yes        ; |lab3|sld_hub:auto_hub|sld_jtag_hub:\jtag_hub_gen:sld_jtag_hub_inst|design_hash_reg[1]                                                                                    ;
; 28:1               ; 4 bits    ; 72 LEs        ; 36 LEs               ; 36 LEs                 ; Yes        ; |lab3|sld_hub:auto_hub|sld_jtag_hub:\jtag_hub_gen:sld_jtag_hub_inst|sld_rom_sr:hub_info_reg|WORD_SR[0]                                                                    ;
+--------------------+-----------+---------------+----------------------+------------------------+------------+---------------------------------------------------------------------------------------------------------------------------------------------------------------------------+


+---------------------------------------------------------------------------------------------------------------------------+
; Source assignments for ROM:ROM|altsyncram:altsyncram_component|altsyncram_r3c1:auto_generated|altsyncram_mjd2:altsyncram1 ;
+---------------------------------+--------------------+------+-------------------------------------------------------------+
; Assignment                      ; Value              ; From ; To                                                          ;
+---------------------------------+--------------------+------+-------------------------------------------------------------+
; OPTIMIZE_POWER_DURING_SYNTHESIS ; NORMAL_COMPILATION ; -    ; -                                                           ;
+---------------------------------+--------------------+------+-------------------------------------------------------------+


+---------------------------------------------------------------------------------------------------------------------------+
; Source assignments for RAM:RAM|altsyncram:altsyncram_component|altsyncram_9gk1:auto_generated|altsyncram_mna2:altsyncram1 ;
+---------------------------------+--------------------+------+-------------------------------------------------------------+
; Assignment                      ; Value              ; From ; To                                                          ;
+---------------------------------+--------------------+------+-------------------------------------------------------------+
; OPTIMIZE_POWER_DURING_SYNTHESIS ; NORMAL_COMPILATION ; -    ; -                                                           ;
+---------------------------------+--------------------+------+-------------------------------------------------------------+


+-----------------------------------------------------------------------+
; Parameter Settings for User Entity Instance: jiepai:jiepai|74163:inst ;
+------------------------+--------------+-------------------------------+
; Parameter Name         ; Value        ; Type                          ;
+------------------------+--------------+-------------------------------+
; DEVICE_FAMILY          ; Cyclone IV E ; Untyped                       ;
; AUTO_CARRY_CHAINS      ; ON           ; AUTO_CARRY                    ;
; IGNORE_CARRY_BUFFERS   ; OFF          ; IGNORE_CARRY                  ;
; AUTO_CASCADE_CHAINS    ; ON           ; AUTO_CASCADE                  ;
; IGNORE_CASCADE_BUFFERS ; OFF          ; IGNORE_CASCADE                ;
+------------------------+--------------+-------------------------------+
Note: In order to hide this table in the UI and the text report file, please set the "Show Parameter Settings in Synthesis Report" option in "Analysis and Synthesis Settings -> More Settings" to "Off".


+--------------------------------------------------------------------------------------+
; Parameter Settings for User Entity Instance: ROM:ROM|altsyncram:altsyncram_component ;
+------------------------------------+----------------------+--------------------------+
; Parameter Name                     ; Value                ; Type                     ;
+------------------------------------+----------------------+--------------------------+
; BYTE_SIZE_BLOCK                    ; 8                    ; Untyped                  ;
; AUTO_CARRY_CHAINS                  ; ON                   ; AUTO_CARRY               ;
; IGNORE_CARRY_BUFFERS               ; OFF                  ; IGNORE_CARRY             ;
; AUTO_CASCADE_CHAINS                ; ON                   ; AUTO_CASCADE             ;
; IGNORE_CASCADE_BUFFERS             ; OFF                  ; IGNORE_CASCADE           ;
; WIDTH_BYTEENA                      ; 1                    ; Untyped                  ;
; OPERATION_MODE                     ; ROM                  ; Untyped                  ;
; WIDTH_A                            ; 24                   ; Signed Integer           ;
; WIDTHAD_A                          ; 8                    ; Signed Integer           ;
; NUMWORDS_A                         ; 256                  ; Signed Integer           ;
; OUTDATA_REG_A                      ; UNREGISTERED         ; Untyped                  ;
; ADDRESS_ACLR_A                     ; NONE                 ; Untyped                  ;
; OUTDATA_ACLR_A                     ; NONE                 ; Untyped                  ;
; WRCONTROL_ACLR_A                   ; NONE                 ; Untyped                  ;
; INDATA_ACLR_A                      ; NONE                 ; Untyped                  ;
; BYTEENA_ACLR_A                     ; NONE                 ; Untyped                  ;
; WIDTH_B                            ; 1                    ; Untyped                  ;
; WIDTHAD_B                          ; 1                    ; Untyped                  ;
; NUMWORDS_B                         ; 1                    ; Untyped                  ;
; INDATA_REG_B                       ; CLOCK1               ; Untyped                  ;
; WRCONTROL_WRADDRESS_REG_B          ; CLOCK1               ; Untyped                  ;
; RDCONTROL_REG_B                    ; CLOCK1               ; Untyped                  ;
; ADDRESS_REG_B                      ; CLOCK1               ; Untyped                  ;
; OUTDATA_REG_B                      ; UNREGISTERED         ; Untyped                  ;
; BYTEENA_REG_B                      ; CLOCK1               ; Untyped                  ;
; INDATA_ACLR_B                      ; NONE                 ; Untyped                  ;
; WRCONTROL_ACLR_B                   ; NONE                 ; Untyped                  ;
; ADDRESS_ACLR_B                     ; NONE                 ; Untyped                  ;
; OUTDATA_ACLR_B                     ; NONE                 ; Untyped                  ;
; RDCONTROL_ACLR_B                   ; NONE                 ; Untyped                  ;
; BYTEENA_ACLR_B                     ; NONE                 ; Untyped                  ;
; WIDTH_BYTEENA_A                    ; 1                    ; Signed Integer           ;
; WIDTH_BYTEENA_B                    ; 1                    ; Untyped                  ;
; RAM_BLOCK_TYPE                     ; AUTO                 ; Untyped                  ;
; BYTE_SIZE                          ; 8                    ; Untyped                  ;
; READ_DURING_WRITE_MODE_MIXED_PORTS ; DONT_CARE            ; Untyped                  ;
; READ_DURING_WRITE_MODE_PORT_A      ; NEW_DATA_NO_NBE_READ ; Untyped                  ;
; READ_DURING_WRITE_MODE_PORT_B      ; NEW_DATA_NO_NBE_READ ; Untyped                  ;
; INIT_FILE                          ; lab3_ROM.mif         ; Untyped                  ;
; INIT_FILE_LAYOUT                   ; PORT_A               ; Untyped                  ;
; MAXIMUM_DEPTH                      ; 0                    ; Untyped                  ;
; CLOCK_ENABLE_INPUT_A               ; BYPASS               ; Untyped                  ;
; CLOCK_ENABLE_INPUT_B               ; NORMAL               ; Untyped                  ;
; CLOCK_ENABLE_OUTPUT_A              ; BYPASS               ; Untyped                  ;
; CLOCK_ENABLE_OUTPUT_B              ; NORMAL               ; Untyped                  ;
; CLOCK_ENABLE_CORE_A                ; USE_INPUT_CLKEN      ; Untyped                  ;
; CLOCK_ENABLE_CORE_B                ; USE_INPUT_CLKEN      ; Untyped                  ;
; ENABLE_ECC                         ; FALSE                ; Untyped                  ;
; ECC_PIPELINE_STAGE_ENABLED         ; FALSE                ; Untyped                  ;
; WIDTH_ECCSTATUS                    ; 3                    ; Untyped                  ;
; DEVICE_FAMILY                      ; Cyclone IV E         ; Untyped                  ;
; CBXI_PARAMETER                     ; altsyncram_r3c1      ; Untyped                  ;
+------------------------------------+----------------------+--------------------------+
Note: In order to hide this table in the UI and the text report file, please set the "Show Parameter Settings in Synthesis Report" option in "Analysis and Synthesis Settings -> More Settings" to "Off".


+-----------------------------------------------------------------+
; Parameter Settings for User Entity Instance: uPC:uPC|74161:inst ;
+------------------------+--------------+-------------------------+
; Parameter Name         ; Value        ; Type                    ;
+------------------------+--------------+-------------------------+
; DEVICE_FAMILY          ; Cyclone IV E ; Untyped                 ;
; AUTO_CARRY_CHAINS      ; ON           ; AUTO_CARRY              ;
; IGNORE_CARRY_BUFFERS   ; OFF          ; IGNORE_CARRY            ;
; AUTO_CASCADE_CHAINS    ; ON           ; AUTO_CASCADE            ;
; IGNORE_CASCADE_BUFFERS ; OFF          ; IGNORE_CASCADE          ;
+------------------------+--------------+-------------------------+
Note: In order to hide this table in the UI and the text report file, please set the "Show Parameter Settings in Synthesis Report" option in "Analysis and Synthesis Settings -> More Settings" to "Off".


+------------------------------------------------------------------+
; Parameter Settings for User Entity Instance: uPC:uPC|74161:inst1 ;
+------------------------+--------------+--------------------------+
; Parameter Name         ; Value        ; Type                     ;
+------------------------+--------------+--------------------------+
; DEVICE_FAMILY          ; Cyclone IV E ; Untyped                  ;
; AUTO_CARRY_CHAINS      ; ON           ; AUTO_CARRY               ;
; IGNORE_CARRY_BUFFERS   ; OFF          ; IGNORE_CARRY             ;
; AUTO_CASCADE_CHAINS    ; ON           ; AUTO_CASCADE             ;
; IGNORE_CASCADE_BUFFERS ; OFF          ; IGNORE_CASCADE           ;
+------------------------+--------------+--------------------------+
Note: In order to hide this table in the UI and the text report file, please set the "Show Parameter Settings in Synthesis Report" option in "Analysis and Synthesis Settings -> More Settings" to "Off".


+--------------------------------------------------------------------------------------+
; Parameter Settings for User Entity Instance: RAM:RAM|altsyncram:altsyncram_component ;
+------------------------------------+----------------------+--------------------------+
; Parameter Name                     ; Value                ; Type                     ;
+------------------------------------+----------------------+--------------------------+
; BYTE_SIZE_BLOCK                    ; 8                    ; Untyped                  ;
; AUTO_CARRY_CHAINS                  ; ON                   ; AUTO_CARRY               ;
; IGNORE_CARRY_BUFFERS               ; OFF                  ; IGNORE_CARRY             ;
; AUTO_CASCADE_CHAINS                ; ON                   ; AUTO_CASCADE             ;
; IGNORE_CASCADE_BUFFERS             ; OFF                  ; IGNORE_CASCADE           ;
; WIDTH_BYTEENA                      ; 1                    ; Untyped                  ;
; OPERATION_MODE                     ; SINGLE_PORT          ; Untyped                  ;
; WIDTH_A                            ; 8                    ; Signed Integer           ;
; WIDTHAD_A                          ; 8                    ; Signed Integer           ;
; NUMWORDS_A                         ; 256                  ; Signed Integer           ;
; OUTDATA_REG_A                      ; UNREGISTERED         ; Untyped                  ;
; ADDRESS_ACLR_A                     ; NONE                 ; Untyped                  ;
; OUTDATA_ACLR_A                     ; NONE                 ; Untyped                  ;
; WRCONTROL_ACLR_A                   ; NONE                 ; Untyped                  ;
; INDATA_ACLR_A                      ; NONE                 ; Untyped                  ;
; BYTEENA_ACLR_A                     ; NONE                 ; Untyped                  ;
; WIDTH_B                            ; 1                    ; Untyped                  ;
; WIDTHAD_B                          ; 1                    ; Untyped                  ;
; NUMWORDS_B                         ; 1                    ; Untyped                  ;
; INDATA_REG_B                       ; CLOCK1               ; Untyped                  ;
; WRCONTROL_WRADDRESS_REG_B          ; CLOCK1               ; Untyped                  ;
; RDCONTROL_REG_B                    ; CLOCK1               ; Untyped                  ;
; ADDRESS_REG_B                      ; CLOCK1               ; Untyped                  ;
; OUTDATA_REG_B                      ; UNREGISTERED         ; Untyped                  ;
; BYTEENA_REG_B                      ; CLOCK1               ; Untyped                  ;
; INDATA_ACLR_B                      ; NONE                 ; Untyped                  ;
; WRCONTROL_ACLR_B                   ; NONE                 ; Untyped                  ;
; ADDRESS_ACLR_B                     ; NONE                 ; Untyped                  ;
; OUTDATA_ACLR_B                     ; NONE                 ; Untyped                  ;
; RDCONTROL_ACLR_B                   ; NONE                 ; Untyped                  ;
; BYTEENA_ACLR_B                     ; NONE                 ; Untyped                  ;
; WIDTH_BYTEENA_A                    ; 1                    ; Signed Integer           ;
; WIDTH_BYTEENA_B                    ; 1                    ; Untyped                  ;
; RAM_BLOCK_TYPE                     ; AUTO                 ; Untyped                  ;
; BYTE_SIZE                          ; 8                    ; Untyped                  ;
; READ_DURING_WRITE_MODE_MIXED_PORTS ; DONT_CARE            ; Untyped                  ;
; READ_DURING_WRITE_MODE_PORT_A      ; NEW_DATA_NO_NBE_READ ; Untyped                  ;
; READ_DURING_WRITE_MODE_PORT_B      ; NEW_DATA_NO_NBE_READ ; Untyped                  ;
; INIT_FILE                          ; RAM.mif              ; Untyped                  ;
; INIT_FILE_LAYOUT                   ; PORT_A               ; Untyped                  ;
; MAXIMUM_DEPTH                      ; 0                    ; Untyped                  ;
; CLOCK_ENABLE_INPUT_A               ; BYPASS               ; Untyped                  ;
; CLOCK_ENABLE_INPUT_B               ; NORMAL               ; Untyped                  ;
; CLOCK_ENABLE_OUTPUT_A              ; BYPASS               ; Untyped                  ;
; CLOCK_ENABLE_OUTPUT_B              ; NORMAL               ; Untyped                  ;
; CLOCK_ENABLE_CORE_A                ; USE_INPUT_CLKEN      ; Untyped                  ;
; CLOCK_ENABLE_CORE_B                ; USE_INPUT_CLKEN      ; Untyped                  ;
; ENABLE_ECC                         ; FALSE                ; Untyped                  ;
; ECC_PIPELINE_STAGE_ENABLED         ; FALSE                ; Untyped                  ;
; WIDTH_ECCSTATUS                    ; 3                    ; Untyped                  ;
; DEVICE_FAMILY                      ; Cyclone IV E         ; Untyped                  ;
; CBXI_PARAMETER                     ; altsyncram_9gk1      ; Untyped                  ;
+------------------------------------+----------------------+--------------------------+
Note: In order to hide this table in the UI and the text report file, please set the "Show Parameter Settings in Synthesis Report" option in "Analysis and Synthesis Settings -> More Settings" to "Off".


+-------------------------------------------------------------------------------------+
; altsyncram Parameter Settings by Entity Instance                                    ;
+-------------------------------------------+-----------------------------------------+
; Name                                      ; Value                                   ;
+-------------------------------------------+-----------------------------------------+
; Number of entity instances                ; 2                                       ;
; Entity Instance                           ; ROM:ROM|altsyncram:altsyncram_component ;
;     -- OPERATION_MODE                     ; ROM                                     ;
;     -- WIDTH_A                            ; 24                                      ;
;     -- NUMWORDS_A                         ; 256                                     ;
;     -- OUTDATA_REG_A                      ; UNREGISTERED                            ;
;     -- WIDTH_B                            ; 1                                       ;
;     -- NUMWORDS_B                         ; 1                                       ;
;     -- ADDRESS_REG_B                      ; CLOCK1                                  ;
;     -- OUTDATA_REG_B                      ; UNREGISTERED                            ;
;     -- RAM_BLOCK_TYPE                     ; AUTO                                    ;
;     -- READ_DURING_WRITE_MODE_MIXED_PORTS ; DONT_CARE                               ;
; Entity Instance                           ; RAM:RAM|altsyncram:altsyncram_component ;
;     -- OPERATION_MODE                     ; SINGLE_PORT                             ;
;     -- WIDTH_A                            ; 8                                       ;
;     -- NUMWORDS_A                         ; 256                                     ;
;     -- OUTDATA_REG_A                      ; UNREGISTERED                            ;
;     -- WIDTH_B                            ; 1                                       ;
;     -- NUMWORDS_B                         ; 1                                       ;
;     -- ADDRESS_REG_B                      ; CLOCK1                                  ;
;     -- OUTDATA_REG_B                      ; UNREGISTERED                            ;
;     -- RAM_BLOCK_TYPE                     ; AUTO                                    ;
;     -- READ_DURING_WRITE_MODE_MIXED_PORTS ; DONT_CARE                               ;
+-------------------------------------------+-----------------------------------------+


+------------------------------------------------------------------------------------------------------------------------------------+
; In-System Memory Content Editor Settings                                                                                           ;
+----------------+-------------+-------+-------+------------+------------------------------------------------------------------------+
; Instance Index ; Instance ID ; Width ; Depth ; Mode       ; Hierarchy Location                                                     ;
+----------------+-------------+-------+-------+------------+------------------------------------------------------------------------+
; 0              ; ROM1        ; 24    ; 256   ; Read/Write ; ROM:ROM|altsyncram:altsyncram_component|altsyncram_r3c1:auto_generated ;
; 1              ; ram1        ; 8     ; 256   ; Read/Write ; RAM:RAM|altsyncram:altsyncram_component|altsyncram_9gk1:auto_generated ;
+----------------+-------------+-------+-------+------------+------------------------------------------------------------------------+


+---------------------------------+
; Elapsed Time Per Partition      ;
+------------------+--------------+
; Partition Name   ; Elapsed Time ;
+------------------+--------------+
; Top              ; 00:00:01     ;
; sld_hub:auto_hub ; 00:00:00     ;
+------------------+--------------+


+-------------------------------+
; Analysis & Synthesis Messages ;
+-------------------------------+
Info: *******************************************************************
Info: Running Quartus II 64-Bit Analysis & Synthesis
    Info: Version 13.0.1 Build 232 06/12/2013 Service Pack 1 SJ Full Version
    Info: Processing started: Wed Dec 23 19:51:32 2020
Info: Command: quartus_map --read_settings_files=on --write_settings_files=off lab3 -c lab3
Info (11104): Parallel Compilation has detected 8 hyper-threaded processors. However, the extra hyper-threaded processors will not be used by default. Parallel Compilation will use 4 of the 4 physical processors detected instead.
Warning (12125): Using design file lab3.bdf, which is not specified as a design file for the current project, but contains definitions for 1 design units and 1 entities in project
    Info (12023): Found entity 1: lab3
Info (12127): Elaborating entity "lab3" for the top level hierarchy
Warning (275083): Bus "B1[7..0]" found using same base name as "B", which might lead to a name conflict.
Warning (275083): Bus "B1[0]" found using same base name as "B", which might lead to a name conflict.
Warning (275083): Bus "B1[1]" found using same base name as "B", which might lead to a name conflict.
Warning (275083): Bus "B1[2]" found using same base name as "B", which might lead to a name conflict.
Warning (275083): Bus "B1[3]" found using same base name as "B", which might lead to a name conflict.
Warning (275083): Bus "B1[4]" found using same base name as "B", which might lead to a name conflict.
Warning (275083): Bus "B1[5]" found using same base name as "B", which might lead to a name conflict.
Warning (275083): Bus "B1[6]" found using same base name as "B", which might lead to a name conflict.
Warning (275083): Bus "B1[7]" found using same base name as "B", which might lead to a name conflict.
Warning (275083): Bus "B1[7..0]" found using same base name as "B", which might lead to a name conflict.
Warning (275080): Converted elements in bus name "B" using legacy naming rules. Make any assignments on the new names, not on the original names.
    Warning (275081): Converted element name(s) from "B[7..0]" to "B7..0"
    Warning (275081): Converted element name(s) from "B[4]" to "B4"
    Warning (275081): Converted element name(s) from "B[5]" to "B5"
    Warning (275081): Converted element name(s) from "B[6]" to "B6"
    Warning (275081): Converted element name(s) from "B[7]" to "B7"
    Warning (275081): Converted element name(s) from "B[2]" to "B2"
    Warning (275081): Converted element name(s) from "B[3]" to "B3"
    Warning (275081): Converted element name(s) from "B[0]" to "B0"
    Warning (275081): Converted element name(s) from "B[1]" to "B1"
Warning (275080): Converted elements in bus name "B1" using legacy naming rules. Make any assignments on the new names, not on the original names.
    Warning (275081): Converted element name(s) from "B1[7..0]" to "B17..0"
    Warning (275081): Converted element name(s) from "B1[0]" to "B10"
    Warning (275081): Converted element name(s) from "B1[1]" to "B11"
    Warning (275081): Converted element name(s) from "B1[2]" to "B12"
    Warning (275081): Converted element name(s) from "B1[3]" to "B13"
    Warning (275081): Converted element name(s) from "B1[4]" to "B14"
    Warning (275081): Converted element name(s) from "B1[5]" to "B15"
    Warning (275081): Converted element name(s) from "B1[6]" to "B16"
    Warning (275081): Converted element name(s) from "B1[7]" to "B17"
    Warning (275081): Converted element name(s) from "B1[7..0]" to "B17..0"
Warning (12125): Using design file jiepai.bdf, which is not specified as a design file for the current project, but contains definitions for 1 design units and 1 entities in project
    Info (12023): Found entity 1: jiepai
Info (12128): Elaborating entity "jiepai" for hierarchy "jiepai:jiepai"
Info (12128): Elaborating entity "74139" for hierarchy "jiepai:jiepai|74139:inst1"
Info (12130): Elaborated megafunction instantiation "jiepai:jiepai|74139:inst1"
Info (12128): Elaborating entity "74163" for hierarchy "jiepai:jiepai|74163:inst"
Info (12130): Elaborated megafunction instantiation "jiepai:jiepai|74163:inst"
Info (12128): Elaborating entity "f74163" for hierarchy "jiepai:jiepai|74163:inst|f74163:sub"
Info (12131): Elaborated megafunction instantiation "jiepai:jiepai|74163:inst|f74163:sub", which is child of megafunction instantiation "jiepai:jiepai|74163:inst"
Warning (12125): Using design file maichong.bdf, which is not specified as a design file for the current project, but contains definitions for 1 design units and 1 entities in project
    Info (12023): Found entity 1: maichong
Info (12128): Elaborating entity "maichong" for hierarchy "maichong:maichong"
Warning (12125): Using design file rom.vhd, which is not specified as a design file for the current project, but contains definitions for 2 design units and 1 entities in project
    Info (12022): Found design unit 1: rom-SYN
    Info (12023): Found entity 1: ROM
Info (12128): Elaborating entity "ROM" for hierarchy "ROM:ROM"
Info (12128): Elaborating entity "altsyncram" for hierarchy "ROM:ROM|altsyncram:altsyncram_component"
Info (12130): Elaborated megafunction instantiation "ROM:ROM|altsyncram:altsyncram_component"
Info (12133): Instantiated megafunction "ROM:ROM|altsyncram:altsyncram_component" with the following parameter:
    Info (12134): Parameter "address_aclr_a" = "NONE"
    Info (12134): Parameter "clock_enable_input_a" = "BYPASS"
    Info (12134): Parameter "clock_enable_output_a" = "BYPASS"
    Info (12134): Parameter "init_file" = "lab3_ROM.mif"
    Info (12134): Parameter "intended_device_family" = "Cyclone IV E"
    Info (12134): Parameter "lpm_hint" = "ENABLE_RUNTIME_MOD=YES,INSTANCE_NAME=ROM1"
    Info (12134): Parameter "lpm_type" = "altsyncram"
    Info (12134): Parameter "numwords_a" = "256"
    Info (12134): Parameter "operation_mode" = "ROM"
    Info (12134): Parameter "outdata_aclr_a" = "NONE"
    Info (12134): Parameter "outdata_reg_a" = "UNREGISTERED"
    Info (12134): Parameter "widthad_a" = "8"
    Info (12134): Parameter "width_a" = "24"
    Info (12134): Parameter "width_byteena_a" = "1"
Info (12021): Found 1 design units, including 1 entities, in source file db/altsyncram_r3c1.tdf
    Info (12023): Found entity 1: altsyncram_r3c1
Info (12128): Elaborating entity "altsyncram_r3c1" for hierarchy "ROM:ROM|altsyncram:altsyncram_component|altsyncram_r3c1:auto_generated"
Info (12021): Found 1 design units, including 1 entities, in source file db/altsyncram_mjd2.tdf
    Info (12023): Found entity 1: altsyncram_mjd2
Info (12128): Elaborating entity "altsyncram_mjd2" for hierarchy "ROM:ROM|altsyncram:altsyncram_component|altsyncram_r3c1:auto_generated|altsyncram_mjd2:altsyncram1"
Info (12128): Elaborating entity "sld_mod_ram_rom" for hierarchy "ROM:ROM|altsyncram:altsyncram_component|altsyncram_r3c1:auto_generated|sld_mod_ram_rom:mgl_prim2"
Info (12130): Elaborated megafunction instantiation "ROM:ROM|altsyncram:altsyncram_component|altsyncram_r3c1:auto_generated|sld_mod_ram_rom:mgl_prim2"
Info (12133): Instantiated megafunction "ROM:ROM|altsyncram:altsyncram_component|altsyncram_r3c1:auto_generated|sld_mod_ram_rom:mgl_prim2" with the following parameter:
    Info (12134): Parameter "CVALUE" = "000000000000000000000000"
    Info (12134): Parameter "IS_DATA_IN_RAM" = "1"
    Info (12134): Parameter "IS_READABLE" = "1"
    Info (12134): Parameter "NODE_NAME" = "1380928817"
    Info (12134): Parameter "NUMWORDS" = "256"
    Info (12134): Parameter "SHIFT_COUNT_BITS" = "5"
    Info (12134): Parameter "WIDTH_WORD" = "24"
    Info (12134): Parameter "WIDTHAD" = "8"
Info (12128): Elaborating entity "sld_rom_sr" for hierarchy "ROM:ROM|altsyncram:altsyncram_component|altsyncram_r3c1:auto_generated|sld_mod_ram_rom:mgl_prim2|sld_rom_sr:\ram_rom_logic_gen:name_gen:info_rom_sr"
Warning (12125): Using design file upc.bdf, which is not specified as a design file for the current project, but contains definitions for 1 design units and 1 entities in project
    Info (12023): Found entity 1: uPC
Info (12128): Elaborating entity "uPC" for hierarchy "uPC:uPC"
Info (12128): Elaborating entity "74161" for hierarchy "uPC:uPC|74161:inst"
Info (12130): Elaborated megafunction instantiation "uPC:uPC|74161:inst"
Info (12128): Elaborating entity "f74161" for hierarchy "uPC:uPC|74161:inst|f74161:sub"
Info (12131): Elaborated megafunction instantiation "uPC:uPC|74161:inst|f74161:sub", which is child of megafunction instantiation "uPC:uPC|74161:inst"
Info (12128): Elaborating entity "74161" for hierarchy "uPC:uPC|74161:inst1"
Info (12130): Elaborated megafunction instantiation "uPC:uPC|74161:inst1"
Warning (12125): Using design file 3_8.bdf, which is not specified as a design file for the current project, but contains definitions for 1 design units and 1 entities in project
    Info (12023): Found entity 1: 3_8
Info (12128): Elaborating entity "3_8" for hierarchy "3_8:inst"
Warning (275011): Block or symbol "NOT" of instance "inst10" overlaps another block or symbol
Warning (12125): Using design file houjidizhi.bdf, which is not specified as a design file for the current project, but contains definitions for 1 design units and 1 entities in project
    Info (12023): Found entity 1: houjidizhi
Info (12128): Elaborating entity "houjidizhi" for hierarchy "houjidizhi:HJDZ"
Warning (275011): Block or symbol "AND2" of instance "inst9" overlaps another block or symbol
Warning (12125): Using design file r.bdf, which is not specified as a design file for the current project, but contains definitions for 1 design units and 1 entities in project
    Info (12023): Found entity 1: R
Info (12128): Elaborating entity "R" for hierarchy "R:IR"
Warning (12125): Using design file alu.bdf, which is not specified as a design file for the current project, but contains definitions for 1 design units and 1 entities in project
    Info (12023): Found entity 1: alu
Info (12128): Elaborating entity "alu" for hierarchy "alu:ALU"
Info (12128): Elaborating entity "74181" for hierarchy "alu:ALU|74181:inst"
Info (12130): Elaborated megafunction instantiation "alu:ALU|74181:inst"
Info (12128): Elaborating entity "74182" for hierarchy "alu:ALU|74182:inst2"
Info (12130): Elaborated megafunction instantiation "alu:ALU|74182:inst2"
Warning (12125): Using design file selector.bdf, which is not specified as a design file for the current project, but contains definitions for 1 design units and 1 entities in project
    Info (12023): Found entity 1: selector
Info (12128): Elaborating entity "selector" for hierarchy "selector:S1"
Warning (12125): Using design file 2_4.bdf, which is not specified as a design file for the current project, but contains definitions for 1 design units and 1 entities in project
    Info (12023): Found entity 1: 2_4
Info (12128): Elaborating entity "2_4" for hierarchy "2_4:inst7"
Warning (12125): Using design file ram.vhd, which is not specified as a design file for the current project, but contains definitions for 2 design units and 1 entities in project
    Info (12022): Found design unit 1: ram-SYN
    Info (12023): Found entity 1: RAM
Info (12128): Elaborating entity "RAM" for hierarchy "RAM:RAM"
Info (12128): Elaborating entity "altsyncram" for hierarchy "RAM:RAM|altsyncram:altsyncram_component"
Info (12130): Elaborated megafunction instantiation "RAM:RAM|altsyncram:altsyncram_component"
Info (12133): Instantiated megafunction "RAM:RAM|altsyncram:altsyncram_component" with the following parameter:
    Info (12134): Parameter "clock_enable_input_a" = "BYPASS"
    Info (12134): Parameter "clock_enable_output_a" = "BYPASS"
    Info (12134): Parameter "init_file" = "RAM.mif"
    Info (12134): Parameter "intended_device_family" = "Cyclone IV E"
    Info (12134): Parameter "lpm_hint" = "ENABLE_RUNTIME_MOD=YES,INSTANCE_NAME=ram1"
    Info (12134): Parameter "lpm_type" = "altsyncram"
    Info (12134): Parameter "numwords_a" = "256"
    Info (12134): Parameter "operation_mode" = "SINGLE_PORT"
    Info (12134): Parameter "outdata_aclr_a" = "NONE"
    Info (12134): Parameter "outdata_reg_a" = "UNREGISTERED"
    Info (12134): Parameter "power_up_uninitialized" = "FALSE"
    Info (12134): Parameter "read_during_write_mode_port_a" = "NEW_DATA_NO_NBE_READ"
    Info (12134): Parameter "widthad_a" = "8"
    Info (12134): Parameter "width_a" = "8"
    Info (12134): Parameter "width_byteena_a" = "1"
Info (12021): Found 1 design units, including 1 entities, in source file db/altsyncram_9gk1.tdf
    Info (12023): Found entity 1: altsyncram_9gk1
Info (12128): Elaborating entity "altsyncram_9gk1" for hierarchy "RAM:RAM|altsyncram:altsyncram_component|altsyncram_9gk1:auto_generated"
Info (12021): Found 1 design units, including 1 entities, in source file db/altsyncram_mna2.tdf
    Info (12023): Found entity 1: altsyncram_mna2
Info (12128): Elaborating entity "altsyncram_mna2" for hierarchy "RAM:RAM|altsyncram:altsyncram_component|altsyncram_9gk1:auto_generated|altsyncram_mna2:altsyncram1"
Info (12128): Elaborating entity "sld_mod_ram_rom" for hierarchy "RAM:RAM|altsyncram:altsyncram_component|altsyncram_9gk1:auto_generated|sld_mod_ram_rom:mgl_prim2"
Info (12130): Elaborated megafunction instantiation "RAM:RAM|altsyncram:altsyncram_component|altsyncram_9gk1:auto_generated|sld_mod_ram_rom:mgl_prim2"
Info (12133): Instantiated megafunction "RAM:RAM|altsyncram:altsyncram_component|altsyncram_9gk1:auto_generated|sld_mod_ram_rom:mgl_prim2" with the following parameter:
    Info (12134): Parameter "CVALUE" = "00000000"
    Info (12134): Parameter "IS_DATA_IN_RAM" = "1"
    Info (12134): Parameter "IS_READABLE" = "1"
    Info (12134): Parameter "NODE_NAME" = "1918987569"
    Info (12134): Parameter "NUMWORDS" = "256"
    Info (12134): Parameter "SHIFT_COUNT_BITS" = "4"
    Info (12134): Parameter "WIDTH_WORD" = "8"
    Info (12134): Parameter "WIDTHAD" = "8"
Info (13014): Ignored 40 buffer(s)
    Info (13015): Ignored 10 CARRY buffer(s)
    Info (13019): Ignored 30 SOFT buffer(s)
Info (286031): Timing-Driven Synthesis is running on partition "Top"
Info (13000): Registers with preset signals will power-up high
Info (13003): DEV_CLRn pin will set, and not reset, register with preset signal due to NOT Gate Push-Back
Warning (13024): Output pins are stuck at VCC or GND
    Warning (13410): Pin "sld_hub:auto_hub|receive[0][0]" is stuck at GND
Info (286031): Timing-Driven Synthesis is running on partition "sld_hub:auto_hub"
Info (16010): Generating hard_block partition "hard_block:auto_generated_inst"
    Info (16011): Adding 0 node(s), including 0 DDIO, 0 PLL, 0 transceiver and 0 LCELL
Info (21057): Implemented 566 device resources after synthesis - the final resource count might be different
    Info (21058): Implemented 6 input pins
    Info (21059): Implemented 77 output pins
    Info (21061): Implemented 450 logic cells
    Info (21064): Implemented 32 RAM segments
Info: Quartus II 64-Bit Analysis & Synthesis was successful. 0 errors, 47 warnings
    Info: Peak virtual memory: 4684 megabytes
    Info: Processing ended: Wed Dec 23 19:51:38 2020
    Info: Elapsed time: 00:00:06
    Info: Total CPU time (on all processors): 00:00:06


